<?xml version="1.0" encoding="utf-8"?><testsuites name="pytest tests"><testsuite name="pytest" errors="15" failures="0" skipped="0" tests="15" time="0.143" timestamp="2025-07-25T22:50:25.419725+02:00" hostname="Laborator"><testcase classname="tests.unit.performance.test_performance.TestPerformanceBenchmarks" name="test_authentication_performance" time="0.014"><error message="failed on setup with &quot;pydantic_core._pydantic_core.ValidationError: 11 validation errors for Settings&#10;vector_database_url&#10;  Extra inputs are not permitted [type=extra_forbidden, input_value='http://localhost:8080', input_type=str]&#10;    For further information visit https://errors.pydantic.dev/2.11/v/extra_forbidden&#10;testing&#10;  Extra inputs are not permitted [type=extra_forbidden, input_value=True, input_type=bool]&#10;    For further information visit https://errors.pydantic.dev/2.11/v/extra_forbidden&#10;rate_limit_enabled&#10;  Extra inputs are not permitted [type=extra_forbidden, input_value=True, input_type=bool]&#10;    For further information visit https://errors.pydantic.dev/2.11/v/extra_forbidden&#10;rate_limit_requests_per_minute&#10;  Extra inputs are not permitted [type=extra_forbidden, input_value=100, input_type=int]&#10;    For further information visit https://errors.pydantic.dev/2.11/v/extra_forbidden&#10;cache_enabled&#10;  Extra inputs are not permitted [type=extra_forbidden, input_value=True, input_type=bool]&#10;    For further information visit https://errors.pydantic.dev/2.11/v/extra_forbidden&#10;cache_ttl_seconds&#10;  Extra inputs are not permitted [type=extra_forbidden, input_value=300, input_type=int]&#10;    For further information visit https://errors.pydantic.dev/2.11/v/extra_forbidden&#10;circuit_breaker_enabled&#10;  Extra inputs are not permitted [type=extra_forbidden, input_value=True, input_type=bool]&#10;    For further information visit https://errors.pydantic.dev/2.11/v/extra_forbidden&#10;circuit_breaker_failure_threshold&#10;  Extra inputs are not permitted [type=extra_forbidden, input_value=5, input_type=int]&#10;    For further information visit https://errors.pydantic.dev/2.11/v/extra_forbidden&#10;circuit_breaker_recovery_timeout&#10;  Extra inputs are not permitted [type=extra_forbidden, input_value=60, input_type=int]&#10;    For further information visit https://errors.pydantic.dev/2.11/v/extra_forbidden&#10;admin_ui_enabled&#10;  Extra inputs are not permitted [type=extra_forbidden, input_value=True, input_type=bool]&#10;    For further information visit https://errors.pydantic.dev/2.11/v/extra_forbidden&#10;admin_ui_port&#10;  Extra inputs are not permitted [type=extra_forbidden, input_value=8081, input_type=int]&#10;    For further information visit https://errors.pydantic.dev/2.11/v/extra_forbidden&quot;">tests/conftest.py:42: in test_settings
    return Settings(
.venv/lib/python3.13/site-packages/pydantic_settings/main.py:188: in __init__
    super().__init__(
E   pydantic_core._pydantic_core.ValidationError: 11 validation errors for Settings
E   vector_database_url
E     Extra inputs are not permitted [type=extra_forbidden, input_value='http://localhost:8080', input_type=str]
E       For further information visit https://errors.pydantic.dev/2.11/v/extra_forbidden
E   testing
E     Extra inputs are not permitted [type=extra_forbidden, input_value=True, input_type=bool]
E       For further information visit https://errors.pydantic.dev/2.11/v/extra_forbidden
E   rate_limit_enabled
E     Extra inputs are not permitted [type=extra_forbidden, input_value=True, input_type=bool]
E       For further information visit https://errors.pydantic.dev/2.11/v/extra_forbidden
E   rate_limit_requests_per_minute
E     Extra inputs are not permitted [type=extra_forbidden, input_value=100, input_type=int]
E       For further information visit https://errors.pydantic.dev/2.11/v/extra_forbidden
E   cache_enabled
E     Extra inputs are not permitted [type=extra_forbidden, input_value=True, input_type=bool]
E       For further information visit https://errors.pydantic.dev/2.11/v/extra_forbidden
E   cache_ttl_seconds
E     Extra inputs are not permitted [type=extra_forbidden, input_value=300, input_type=int]
E       For further information visit https://errors.pydantic.dev/2.11/v/extra_forbidden
E   circuit_breaker_enabled
E     Extra inputs are not permitted [type=extra_forbidden, input_value=True, input_type=bool]
E       For further information visit https://errors.pydantic.dev/2.11/v/extra_forbidden
E   circuit_breaker_failure_threshold
E     Extra inputs are not permitted [type=extra_forbidden, input_value=5, input_type=int]
E       For further information visit https://errors.pydantic.dev/2.11/v/extra_forbidden
E   circuit_breaker_recovery_timeout
E     Extra inputs are not permitted [type=extra_forbidden, input_value=60, input_type=int]
E       For further information visit https://errors.pydantic.dev/2.11/v/extra_forbidden
E   admin_ui_enabled
E     Extra inputs are not permitted [type=extra_forbidden, input_value=True, input_type=bool]
E       For further information visit https://errors.pydantic.dev/2.11/v/extra_forbidden
E   admin_ui_port
E     Extra inputs are not permitted [type=extra_forbidden, input_value=8081, input_type=int]
E       For further information visit https://errors.pydantic.dev/2.11/v/extra_forbidden</error></testcase><testcase classname="tests.unit.performance.test_performance.TestPerformanceBenchmarks" name="test_tool_registration_performance" time="0.000"><error message="failed on setup with &quot;pydantic_core._pydantic_core.ValidationError: 11 validation errors for Settings&#10;vector_database_url&#10;  Extra inputs are not permitted [type=extra_forbidden, input_value='http://localhost:8080', input_type=str]&#10;    For further information visit https://errors.pydantic.dev/2.11/v/extra_forbidden&#10;testing&#10;  Extra inputs are not permitted [type=extra_forbidden, input_value=True, input_type=bool]&#10;    For further information visit https://errors.pydantic.dev/2.11/v/extra_forbidden&#10;rate_limit_enabled&#10;  Extra inputs are not permitted [type=extra_forbidden, input_value=True, input_type=bool]&#10;    For further information visit https://errors.pydantic.dev/2.11/v/extra_forbidden&#10;rate_limit_requests_per_minute&#10;  Extra inputs are not permitted [type=extra_forbidden, input_value=100, input_type=int]&#10;    For further information visit https://errors.pydantic.dev/2.11/v/extra_forbidden&#10;cache_enabled&#10;  Extra inputs are not permitted [type=extra_forbidden, input_value=True, input_type=bool]&#10;    For further information visit https://errors.pydantic.dev/2.11/v/extra_forbidden&#10;cache_ttl_seconds&#10;  Extra inputs are not permitted [type=extra_forbidden, input_value=300, input_type=int]&#10;    For further information visit https://errors.pydantic.dev/2.11/v/extra_forbidden&#10;circuit_breaker_enabled&#10;  Extra inputs are not permitted [type=extra_forbidden, input_value=True, input_type=bool]&#10;    For further information visit https://errors.pydantic.dev/2.11/v/extra_forbidden&#10;circuit_breaker_failure_threshold&#10;  Extra inputs are not permitted [type=extra_forbidden, input_value=5, input_type=int]&#10;    For further information visit https://errors.pydantic.dev/2.11/v/extra_forbidden&#10;circuit_breaker_recovery_timeout&#10;  Extra inputs are not permitted [type=extra_forbidden, input_value=60, input_type=int]&#10;    For further information visit https://errors.pydantic.dev/2.11/v/extra_forbidden&#10;admin_ui_enabled&#10;  Extra inputs are not permitted [type=extra_forbidden, input_value=True, input_type=bool]&#10;    For further information visit https://errors.pydantic.dev/2.11/v/extra_forbidden&#10;admin_ui_port&#10;  Extra inputs are not permitted [type=extra_forbidden, input_value=8081, input_type=int]&#10;    For further information visit https://errors.pydantic.dev/2.11/v/extra_forbidden&quot;">tests/conftest.py:42: in test_settings
    return Settings(
.venv/lib/python3.13/site-packages/pydantic_settings/main.py:188: in __init__
    super().__init__(
E   pydantic_core._pydantic_core.ValidationError: 11 validation errors for Settings
E   vector_database_url
E     Extra inputs are not permitted [type=extra_forbidden, input_value='http://localhost:8080', input_type=str]
E       For further information visit https://errors.pydantic.dev/2.11/v/extra_forbidden
E   testing
E     Extra inputs are not permitted [type=extra_forbidden, input_value=True, input_type=bool]
E       For further information visit https://errors.pydantic.dev/2.11/v/extra_forbidden
E   rate_limit_enabled
E     Extra inputs are not permitted [type=extra_forbidden, input_value=True, input_type=bool]
E       For further information visit https://errors.pydantic.dev/2.11/v/extra_forbidden
E   rate_limit_requests_per_minute
E     Extra inputs are not permitted [type=extra_forbidden, input_value=100, input_type=int]
E       For further information visit https://errors.pydantic.dev/2.11/v/extra_forbidden
E   cache_enabled
E     Extra inputs are not permitted [type=extra_forbidden, input_value=True, input_type=bool]
E       For further information visit https://errors.pydantic.dev/2.11/v/extra_forbidden
E   cache_ttl_seconds
E     Extra inputs are not permitted [type=extra_forbidden, input_value=300, input_type=int]
E       For further information visit https://errors.pydantic.dev/2.11/v/extra_forbidden
E   circuit_breaker_enabled
E     Extra inputs are not permitted [type=extra_forbidden, input_value=True, input_type=bool]
E       For further information visit https://errors.pydantic.dev/2.11/v/extra_forbidden
E   circuit_breaker_failure_threshold
E     Extra inputs are not permitted [type=extra_forbidden, input_value=5, input_type=int]
E       For further information visit https://errors.pydantic.dev/2.11/v/extra_forbidden
E   circuit_breaker_recovery_timeout
E     Extra inputs are not permitted [type=extra_forbidden, input_value=60, input_type=int]
E       For further information visit https://errors.pydantic.dev/2.11/v/extra_forbidden
E   admin_ui_enabled
E     Extra inputs are not permitted [type=extra_forbidden, input_value=True, input_type=bool]
E       For further information visit https://errors.pydantic.dev/2.11/v/extra_forbidden
E   admin_ui_port
E     Extra inputs are not permitted [type=extra_forbidden, input_value=8081, input_type=int]
E       For further information visit https://errors.pydantic.dev/2.11/v/extra_forbidden</error></testcase><testcase classname="tests.unit.performance.test_performance.TestPerformanceBenchmarks" name="test_tool_search_performance" time="0.000"><error message="failed on setup with &quot;pydantic_core._pydantic_core.ValidationError: 11 validation errors for Settings&#10;vector_database_url&#10;  Extra inputs are not permitted [type=extra_forbidden, input_value='http://localhost:8080', input_type=str]&#10;    For further information visit https://errors.pydantic.dev/2.11/v/extra_forbidden&#10;testing&#10;  Extra inputs are not permitted [type=extra_forbidden, input_value=True, input_type=bool]&#10;    For further information visit https://errors.pydantic.dev/2.11/v/extra_forbidden&#10;rate_limit_enabled&#10;  Extra inputs are not permitted [type=extra_forbidden, input_value=True, input_type=bool]&#10;    For further information visit https://errors.pydantic.dev/2.11/v/extra_forbidden&#10;rate_limit_requests_per_minute&#10;  Extra inputs are not permitted [type=extra_forbidden, input_value=100, input_type=int]&#10;    For further information visit https://errors.pydantic.dev/2.11/v/extra_forbidden&#10;cache_enabled&#10;  Extra inputs are not permitted [type=extra_forbidden, input_value=True, input_type=bool]&#10;    For further information visit https://errors.pydantic.dev/2.11/v/extra_forbidden&#10;cache_ttl_seconds&#10;  Extra inputs are not permitted [type=extra_forbidden, input_value=300, input_type=int]&#10;    For further information visit https://errors.pydantic.dev/2.11/v/extra_forbidden&#10;circuit_breaker_enabled&#10;  Extra inputs are not permitted [type=extra_forbidden, input_value=True, input_type=bool]&#10;    For further information visit https://errors.pydantic.dev/2.11/v/extra_forbidden&#10;circuit_breaker_failure_threshold&#10;  Extra inputs are not permitted [type=extra_forbidden, input_value=5, input_type=int]&#10;    For further information visit https://errors.pydantic.dev/2.11/v/extra_forbidden&#10;circuit_breaker_recovery_timeout&#10;  Extra inputs are not permitted [type=extra_forbidden, input_value=60, input_type=int]&#10;    For further information visit https://errors.pydantic.dev/2.11/v/extra_forbidden&#10;admin_ui_enabled&#10;  Extra inputs are not permitted [type=extra_forbidden, input_value=True, input_type=bool]&#10;    For further information visit https://errors.pydantic.dev/2.11/v/extra_forbidden&#10;admin_ui_port&#10;  Extra inputs are not permitted [type=extra_forbidden, input_value=8081, input_type=int]&#10;    For further information visit https://errors.pydantic.dev/2.11/v/extra_forbidden&quot;">tests/conftest.py:42: in test_settings
    return Settings(
.venv/lib/python3.13/site-packages/pydantic_settings/main.py:188: in __init__
    super().__init__(
E   pydantic_core._pydantic_core.ValidationError: 11 validation errors for Settings
E   vector_database_url
E     Extra inputs are not permitted [type=extra_forbidden, input_value='http://localhost:8080', input_type=str]
E       For further information visit https://errors.pydantic.dev/2.11/v/extra_forbidden
E   testing
E     Extra inputs are not permitted [type=extra_forbidden, input_value=True, input_type=bool]
E       For further information visit https://errors.pydantic.dev/2.11/v/extra_forbidden
E   rate_limit_enabled
E     Extra inputs are not permitted [type=extra_forbidden, input_value=True, input_type=bool]
E       For further information visit https://errors.pydantic.dev/2.11/v/extra_forbidden
E   rate_limit_requests_per_minute
E     Extra inputs are not permitted [type=extra_forbidden, input_value=100, input_type=int]
E       For further information visit https://errors.pydantic.dev/2.11/v/extra_forbidden
E   cache_enabled
E     Extra inputs are not permitted [type=extra_forbidden, input_value=True, input_type=bool]
E       For further information visit https://errors.pydantic.dev/2.11/v/extra_forbidden
E   cache_ttl_seconds
E     Extra inputs are not permitted [type=extra_forbidden, input_value=300, input_type=int]
E       For further information visit https://errors.pydantic.dev/2.11/v/extra_forbidden
E   circuit_breaker_enabled
E     Extra inputs are not permitted [type=extra_forbidden, input_value=True, input_type=bool]
E       For further information visit https://errors.pydantic.dev/2.11/v/extra_forbidden
E   circuit_breaker_failure_threshold
E     Extra inputs are not permitted [type=extra_forbidden, input_value=5, input_type=int]
E       For further information visit https://errors.pydantic.dev/2.11/v/extra_forbidden
E   circuit_breaker_recovery_timeout
E     Extra inputs are not permitted [type=extra_forbidden, input_value=60, input_type=int]
E       For further information visit https://errors.pydantic.dev/2.11/v/extra_forbidden
E   admin_ui_enabled
E     Extra inputs are not permitted [type=extra_forbidden, input_value=True, input_type=bool]
E       For further information visit https://errors.pydantic.dev/2.11/v/extra_forbidden
E   admin_ui_port
E     Extra inputs are not permitted [type=extra_forbidden, input_value=8081, input_type=int]
E       For further information visit https://errors.pydantic.dev/2.11/v/extra_forbidden</error></testcase><testcase classname="tests.unit.performance.test_performance.TestPerformanceBenchmarks" name="test_cache_performance" time="0.000"><error message="failed on setup with &quot;pydantic_core._pydantic_core.ValidationError: 11 validation errors for Settings&#10;vector_database_url&#10;  Extra inputs are not permitted [type=extra_forbidden, input_value='http://localhost:8080', input_type=str]&#10;    For further information visit https://errors.pydantic.dev/2.11/v/extra_forbidden&#10;testing&#10;  Extra inputs are not permitted [type=extra_forbidden, input_value=True, input_type=bool]&#10;    For further information visit https://errors.pydantic.dev/2.11/v/extra_forbidden&#10;rate_limit_enabled&#10;  Extra inputs are not permitted [type=extra_forbidden, input_value=True, input_type=bool]&#10;    For further information visit https://errors.pydantic.dev/2.11/v/extra_forbidden&#10;rate_limit_requests_per_minute&#10;  Extra inputs are not permitted [type=extra_forbidden, input_value=100, input_type=int]&#10;    For further information visit https://errors.pydantic.dev/2.11/v/extra_forbidden&#10;cache_enabled&#10;  Extra inputs are not permitted [type=extra_forbidden, input_value=True, input_type=bool]&#10;    For further information visit https://errors.pydantic.dev/2.11/v/extra_forbidden&#10;cache_ttl_seconds&#10;  Extra inputs are not permitted [type=extra_forbidden, input_value=300, input_type=int]&#10;    For further information visit https://errors.pydantic.dev/2.11/v/extra_forbidden&#10;circuit_breaker_enabled&#10;  Extra inputs are not permitted [type=extra_forbidden, input_value=True, input_type=bool]&#10;    For further information visit https://errors.pydantic.dev/2.11/v/extra_forbidden&#10;circuit_breaker_failure_threshold&#10;  Extra inputs are not permitted [type=extra_forbidden, input_value=5, input_type=int]&#10;    For further information visit https://errors.pydantic.dev/2.11/v/extra_forbidden&#10;circuit_breaker_recovery_timeout&#10;  Extra inputs are not permitted [type=extra_forbidden, input_value=60, input_type=int]&#10;    For further information visit https://errors.pydantic.dev/2.11/v/extra_forbidden&#10;admin_ui_enabled&#10;  Extra inputs are not permitted [type=extra_forbidden, input_value=True, input_type=bool]&#10;    For further information visit https://errors.pydantic.dev/2.11/v/extra_forbidden&#10;admin_ui_port&#10;  Extra inputs are not permitted [type=extra_forbidden, input_value=8081, input_type=int]&#10;    For further information visit https://errors.pydantic.dev/2.11/v/extra_forbidden&quot;">tests/conftest.py:42: in test_settings
    return Settings(
.venv/lib/python3.13/site-packages/pydantic_settings/main.py:188: in __init__
    super().__init__(
E   pydantic_core._pydantic_core.ValidationError: 11 validation errors for Settings
E   vector_database_url
E     Extra inputs are not permitted [type=extra_forbidden, input_value='http://localhost:8080', input_type=str]
E       For further information visit https://errors.pydantic.dev/2.11/v/extra_forbidden
E   testing
E     Extra inputs are not permitted [type=extra_forbidden, input_value=True, input_type=bool]
E       For further information visit https://errors.pydantic.dev/2.11/v/extra_forbidden
E   rate_limit_enabled
E     Extra inputs are not permitted [type=extra_forbidden, input_value=True, input_type=bool]
E       For further information visit https://errors.pydantic.dev/2.11/v/extra_forbidden
E   rate_limit_requests_per_minute
E     Extra inputs are not permitted [type=extra_forbidden, input_value=100, input_type=int]
E       For further information visit https://errors.pydantic.dev/2.11/v/extra_forbidden
E   cache_enabled
E     Extra inputs are not permitted [type=extra_forbidden, input_value=True, input_type=bool]
E       For further information visit https://errors.pydantic.dev/2.11/v/extra_forbidden
E   cache_ttl_seconds
E     Extra inputs are not permitted [type=extra_forbidden, input_value=300, input_type=int]
E       For further information visit https://errors.pydantic.dev/2.11/v/extra_forbidden
E   circuit_breaker_enabled
E     Extra inputs are not permitted [type=extra_forbidden, input_value=True, input_type=bool]
E       For further information visit https://errors.pydantic.dev/2.11/v/extra_forbidden
E   circuit_breaker_failure_threshold
E     Extra inputs are not permitted [type=extra_forbidden, input_value=5, input_type=int]
E       For further information visit https://errors.pydantic.dev/2.11/v/extra_forbidden
E   circuit_breaker_recovery_timeout
E     Extra inputs are not permitted [type=extra_forbidden, input_value=60, input_type=int]
E       For further information visit https://errors.pydantic.dev/2.11/v/extra_forbidden
E   admin_ui_enabled
E     Extra inputs are not permitted [type=extra_forbidden, input_value=True, input_type=bool]
E       For further information visit https://errors.pydantic.dev/2.11/v/extra_forbidden
E   admin_ui_port
E     Extra inputs are not permitted [type=extra_forbidden, input_value=8081, input_type=int]
E       For further information visit https://errors.pydantic.dev/2.11/v/extra_forbidden</error></testcase><testcase classname="tests.unit.performance.test_performance.TestPerformanceBenchmarks" name="test_circuit_breaker_performance" time="0.000"><error message="failed on setup with &quot;pydantic_core._pydantic_core.ValidationError: 11 validation errors for Settings&#10;vector_database_url&#10;  Extra inputs are not permitted [type=extra_forbidden, input_value='http://localhost:8080', input_type=str]&#10;    For further information visit https://errors.pydantic.dev/2.11/v/extra_forbidden&#10;testing&#10;  Extra inputs are not permitted [type=extra_forbidden, input_value=True, input_type=bool]&#10;    For further information visit https://errors.pydantic.dev/2.11/v/extra_forbidden&#10;rate_limit_enabled&#10;  Extra inputs are not permitted [type=extra_forbidden, input_value=True, input_type=bool]&#10;    For further information visit https://errors.pydantic.dev/2.11/v/extra_forbidden&#10;rate_limit_requests_per_minute&#10;  Extra inputs are not permitted [type=extra_forbidden, input_value=100, input_type=int]&#10;    For further information visit https://errors.pydantic.dev/2.11/v/extra_forbidden&#10;cache_enabled&#10;  Extra inputs are not permitted [type=extra_forbidden, input_value=True, input_type=bool]&#10;    For further information visit https://errors.pydantic.dev/2.11/v/extra_forbidden&#10;cache_ttl_seconds&#10;  Extra inputs are not permitted [type=extra_forbidden, input_value=300, input_type=int]&#10;    For further information visit https://errors.pydantic.dev/2.11/v/extra_forbidden&#10;circuit_breaker_enabled&#10;  Extra inputs are not permitted [type=extra_forbidden, input_value=True, input_type=bool]&#10;    For further information visit https://errors.pydantic.dev/2.11/v/extra_forbidden&#10;circuit_breaker_failure_threshold&#10;  Extra inputs are not permitted [type=extra_forbidden, input_value=5, input_type=int]&#10;    For further information visit https://errors.pydantic.dev/2.11/v/extra_forbidden&#10;circuit_breaker_recovery_timeout&#10;  Extra inputs are not permitted [type=extra_forbidden, input_value=60, input_type=int]&#10;    For further information visit https://errors.pydantic.dev/2.11/v/extra_forbidden&#10;admin_ui_enabled&#10;  Extra inputs are not permitted [type=extra_forbidden, input_value=True, input_type=bool]&#10;    For further information visit https://errors.pydantic.dev/2.11/v/extra_forbidden&#10;admin_ui_port&#10;  Extra inputs are not permitted [type=extra_forbidden, input_value=8081, input_type=int]&#10;    For further information visit https://errors.pydantic.dev/2.11/v/extra_forbidden&quot;">tests/conftest.py:42: in test_settings
    return Settings(
.venv/lib/python3.13/site-packages/pydantic_settings/main.py:188: in __init__
    super().__init__(
E   pydantic_core._pydantic_core.ValidationError: 11 validation errors for Settings
E   vector_database_url
E     Extra inputs are not permitted [type=extra_forbidden, input_value='http://localhost:8080', input_type=str]
E       For further information visit https://errors.pydantic.dev/2.11/v/extra_forbidden
E   testing
E     Extra inputs are not permitted [type=extra_forbidden, input_value=True, input_type=bool]
E       For further information visit https://errors.pydantic.dev/2.11/v/extra_forbidden
E   rate_limit_enabled
E     Extra inputs are not permitted [type=extra_forbidden, input_value=True, input_type=bool]
E       For further information visit https://errors.pydantic.dev/2.11/v/extra_forbidden
E   rate_limit_requests_per_minute
E     Extra inputs are not permitted [type=extra_forbidden, input_value=100, input_type=int]
E       For further information visit https://errors.pydantic.dev/2.11/v/extra_forbidden
E   cache_enabled
E     Extra inputs are not permitted [type=extra_forbidden, input_value=True, input_type=bool]
E       For further information visit https://errors.pydantic.dev/2.11/v/extra_forbidden
E   cache_ttl_seconds
E     Extra inputs are not permitted [type=extra_forbidden, input_value=300, input_type=int]
E       For further information visit https://errors.pydantic.dev/2.11/v/extra_forbidden
E   circuit_breaker_enabled
E     Extra inputs are not permitted [type=extra_forbidden, input_value=True, input_type=bool]
E       For further information visit https://errors.pydantic.dev/2.11/v/extra_forbidden
E   circuit_breaker_failure_threshold
E     Extra inputs are not permitted [type=extra_forbidden, input_value=5, input_type=int]
E       For further information visit https://errors.pydantic.dev/2.11/v/extra_forbidden
E   circuit_breaker_recovery_timeout
E     Extra inputs are not permitted [type=extra_forbidden, input_value=60, input_type=int]
E       For further information visit https://errors.pydantic.dev/2.11/v/extra_forbidden
E   admin_ui_enabled
E     Extra inputs are not permitted [type=extra_forbidden, input_value=True, input_type=bool]
E       For further information visit https://errors.pydantic.dev/2.11/v/extra_forbidden
E   admin_ui_port
E     Extra inputs are not permitted [type=extra_forbidden, input_value=8081, input_type=int]
E       For further information visit https://errors.pydantic.dev/2.11/v/extra_forbidden</error></testcase><testcase classname="tests.unit.performance.test_performance.TestPerformanceBenchmarks" name="test_rate_limiter_performance" time="0.000"><error message="failed on setup with &quot;pydantic_core._pydantic_core.ValidationError: 11 validation errors for Settings&#10;vector_database_url&#10;  Extra inputs are not permitted [type=extra_forbidden, input_value='http://localhost:8080', input_type=str]&#10;    For further information visit https://errors.pydantic.dev/2.11/v/extra_forbidden&#10;testing&#10;  Extra inputs are not permitted [type=extra_forbidden, input_value=True, input_type=bool]&#10;    For further information visit https://errors.pydantic.dev/2.11/v/extra_forbidden&#10;rate_limit_enabled&#10;  Extra inputs are not permitted [type=extra_forbidden, input_value=True, input_type=bool]&#10;    For further information visit https://errors.pydantic.dev/2.11/v/extra_forbidden&#10;rate_limit_requests_per_minute&#10;  Extra inputs are not permitted [type=extra_forbidden, input_value=100, input_type=int]&#10;    For further information visit https://errors.pydantic.dev/2.11/v/extra_forbidden&#10;cache_enabled&#10;  Extra inputs are not permitted [type=extra_forbidden, input_value=True, input_type=bool]&#10;    For further information visit https://errors.pydantic.dev/2.11/v/extra_forbidden&#10;cache_ttl_seconds&#10;  Extra inputs are not permitted [type=extra_forbidden, input_value=300, input_type=int]&#10;    For further information visit https://errors.pydantic.dev/2.11/v/extra_forbidden&#10;circuit_breaker_enabled&#10;  Extra inputs are not permitted [type=extra_forbidden, input_value=True, input_type=bool]&#10;    For further information visit https://errors.pydantic.dev/2.11/v/extra_forbidden&#10;circuit_breaker_failure_threshold&#10;  Extra inputs are not permitted [type=extra_forbidden, input_value=5, input_type=int]&#10;    For further information visit https://errors.pydantic.dev/2.11/v/extra_forbidden&#10;circuit_breaker_recovery_timeout&#10;  Extra inputs are not permitted [type=extra_forbidden, input_value=60, input_type=int]&#10;    For further information visit https://errors.pydantic.dev/2.11/v/extra_forbidden&#10;admin_ui_enabled&#10;  Extra inputs are not permitted [type=extra_forbidden, input_value=True, input_type=bool]&#10;    For further information visit https://errors.pydantic.dev/2.11/v/extra_forbidden&#10;admin_ui_port&#10;  Extra inputs are not permitted [type=extra_forbidden, input_value=8081, input_type=int]&#10;    For further information visit https://errors.pydantic.dev/2.11/v/extra_forbidden&quot;">tests/conftest.py:42: in test_settings
    return Settings(
.venv/lib/python3.13/site-packages/pydantic_settings/main.py:188: in __init__
    super().__init__(
E   pydantic_core._pydantic_core.ValidationError: 11 validation errors for Settings
E   vector_database_url
E     Extra inputs are not permitted [type=extra_forbidden, input_value='http://localhost:8080', input_type=str]
E       For further information visit https://errors.pydantic.dev/2.11/v/extra_forbidden
E   testing
E     Extra inputs are not permitted [type=extra_forbidden, input_value=True, input_type=bool]
E       For further information visit https://errors.pydantic.dev/2.11/v/extra_forbidden
E   rate_limit_enabled
E     Extra inputs are not permitted [type=extra_forbidden, input_value=True, input_type=bool]
E       For further information visit https://errors.pydantic.dev/2.11/v/extra_forbidden
E   rate_limit_requests_per_minute
E     Extra inputs are not permitted [type=extra_forbidden, input_value=100, input_type=int]
E       For further information visit https://errors.pydantic.dev/2.11/v/extra_forbidden
E   cache_enabled
E     Extra inputs are not permitted [type=extra_forbidden, input_value=True, input_type=bool]
E       For further information visit https://errors.pydantic.dev/2.11/v/extra_forbidden
E   cache_ttl_seconds
E     Extra inputs are not permitted [type=extra_forbidden, input_value=300, input_type=int]
E       For further information visit https://errors.pydantic.dev/2.11/v/extra_forbidden
E   circuit_breaker_enabled
E     Extra inputs are not permitted [type=extra_forbidden, input_value=True, input_type=bool]
E       For further information visit https://errors.pydantic.dev/2.11/v/extra_forbidden
E   circuit_breaker_failure_threshold
E     Extra inputs are not permitted [type=extra_forbidden, input_value=5, input_type=int]
E       For further information visit https://errors.pydantic.dev/2.11/v/extra_forbidden
E   circuit_breaker_recovery_timeout
E     Extra inputs are not permitted [type=extra_forbidden, input_value=60, input_type=int]
E       For further information visit https://errors.pydantic.dev/2.11/v/extra_forbidden
E   admin_ui_enabled
E     Extra inputs are not permitted [type=extra_forbidden, input_value=True, input_type=bool]
E       For further information visit https://errors.pydantic.dev/2.11/v/extra_forbidden
E   admin_ui_port
E     Extra inputs are not permitted [type=extra_forbidden, input_value=8081, input_type=int]
E       For further information visit https://errors.pydantic.dev/2.11/v/extra_forbidden</error></testcase><testcase classname="tests.unit.performance.test_performance.TestLoadTesting" name="test_concurrent_user_registration" time="0.000"><error message="failed on setup with &quot;pydantic_core._pydantic_core.ValidationError: 11 validation errors for Settings&#10;vector_database_url&#10;  Extra inputs are not permitted [type=extra_forbidden, input_value='http://localhost:8080', input_type=str]&#10;    For further information visit https://errors.pydantic.dev/2.11/v/extra_forbidden&#10;testing&#10;  Extra inputs are not permitted [type=extra_forbidden, input_value=True, input_type=bool]&#10;    For further information visit https://errors.pydantic.dev/2.11/v/extra_forbidden&#10;rate_limit_enabled&#10;  Extra inputs are not permitted [type=extra_forbidden, input_value=True, input_type=bool]&#10;    For further information visit https://errors.pydantic.dev/2.11/v/extra_forbidden&#10;rate_limit_requests_per_minute&#10;  Extra inputs are not permitted [type=extra_forbidden, input_value=100, input_type=int]&#10;    For further information visit https://errors.pydantic.dev/2.11/v/extra_forbidden&#10;cache_enabled&#10;  Extra inputs are not permitted [type=extra_forbidden, input_value=True, input_type=bool]&#10;    For further information visit https://errors.pydantic.dev/2.11/v/extra_forbidden&#10;cache_ttl_seconds&#10;  Extra inputs are not permitted [type=extra_forbidden, input_value=300, input_type=int]&#10;    For further information visit https://errors.pydantic.dev/2.11/v/extra_forbidden&#10;circuit_breaker_enabled&#10;  Extra inputs are not permitted [type=extra_forbidden, input_value=True, input_type=bool]&#10;    For further information visit https://errors.pydantic.dev/2.11/v/extra_forbidden&#10;circuit_breaker_failure_threshold&#10;  Extra inputs are not permitted [type=extra_forbidden, input_value=5, input_type=int]&#10;    For further information visit https://errors.pydantic.dev/2.11/v/extra_forbidden&#10;circuit_breaker_recovery_timeout&#10;  Extra inputs are not permitted [type=extra_forbidden, input_value=60, input_type=int]&#10;    For further information visit https://errors.pydantic.dev/2.11/v/extra_forbidden&#10;admin_ui_enabled&#10;  Extra inputs are not permitted [type=extra_forbidden, input_value=True, input_type=bool]&#10;    For further information visit https://errors.pydantic.dev/2.11/v/extra_forbidden&#10;admin_ui_port&#10;  Extra inputs are not permitted [type=extra_forbidden, input_value=8081, input_type=int]&#10;    For further information visit https://errors.pydantic.dev/2.11/v/extra_forbidden&quot;">tests/conftest.py:42: in test_settings
    return Settings(
.venv/lib/python3.13/site-packages/pydantic_settings/main.py:188: in __init__
    super().__init__(
E   pydantic_core._pydantic_core.ValidationError: 11 validation errors for Settings
E   vector_database_url
E     Extra inputs are not permitted [type=extra_forbidden, input_value='http://localhost:8080', input_type=str]
E       For further information visit https://errors.pydantic.dev/2.11/v/extra_forbidden
E   testing
E     Extra inputs are not permitted [type=extra_forbidden, input_value=True, input_type=bool]
E       For further information visit https://errors.pydantic.dev/2.11/v/extra_forbidden
E   rate_limit_enabled
E     Extra inputs are not permitted [type=extra_forbidden, input_value=True, input_type=bool]
E       For further information visit https://errors.pydantic.dev/2.11/v/extra_forbidden
E   rate_limit_requests_per_minute
E     Extra inputs are not permitted [type=extra_forbidden, input_value=100, input_type=int]
E       For further information visit https://errors.pydantic.dev/2.11/v/extra_forbidden
E   cache_enabled
E     Extra inputs are not permitted [type=extra_forbidden, input_value=True, input_type=bool]
E       For further information visit https://errors.pydantic.dev/2.11/v/extra_forbidden
E   cache_ttl_seconds
E     Extra inputs are not permitted [type=extra_forbidden, input_value=300, input_type=int]
E       For further information visit https://errors.pydantic.dev/2.11/v/extra_forbidden
E   circuit_breaker_enabled
E     Extra inputs are not permitted [type=extra_forbidden, input_value=True, input_type=bool]
E       For further information visit https://errors.pydantic.dev/2.11/v/extra_forbidden
E   circuit_breaker_failure_threshold
E     Extra inputs are not permitted [type=extra_forbidden, input_value=5, input_type=int]
E       For further information visit https://errors.pydantic.dev/2.11/v/extra_forbidden
E   circuit_breaker_recovery_timeout
E     Extra inputs are not permitted [type=extra_forbidden, input_value=60, input_type=int]
E       For further information visit https://errors.pydantic.dev/2.11/v/extra_forbidden
E   admin_ui_enabled
E     Extra inputs are not permitted [type=extra_forbidden, input_value=True, input_type=bool]
E       For further information visit https://errors.pydantic.dev/2.11/v/extra_forbidden
E   admin_ui_port
E     Extra inputs are not permitted [type=extra_forbidden, input_value=8081, input_type=int]
E       For further information visit https://errors.pydantic.dev/2.11/v/extra_forbidden</error></testcase><testcase classname="tests.unit.performance.test_performance.TestLoadTesting" name="test_concurrent_tool_registration" time="0.000"><error message="failed on setup with &quot;pydantic_core._pydantic_core.ValidationError: 11 validation errors for Settings&#10;vector_database_url&#10;  Extra inputs are not permitted [type=extra_forbidden, input_value='http://localhost:8080', input_type=str]&#10;    For further information visit https://errors.pydantic.dev/2.11/v/extra_forbidden&#10;testing&#10;  Extra inputs are not permitted [type=extra_forbidden, input_value=True, input_type=bool]&#10;    For further information visit https://errors.pydantic.dev/2.11/v/extra_forbidden&#10;rate_limit_enabled&#10;  Extra inputs are not permitted [type=extra_forbidden, input_value=True, input_type=bool]&#10;    For further information visit https://errors.pydantic.dev/2.11/v/extra_forbidden&#10;rate_limit_requests_per_minute&#10;  Extra inputs are not permitted [type=extra_forbidden, input_value=100, input_type=int]&#10;    For further information visit https://errors.pydantic.dev/2.11/v/extra_forbidden&#10;cache_enabled&#10;  Extra inputs are not permitted [type=extra_forbidden, input_value=True, input_type=bool]&#10;    For further information visit https://errors.pydantic.dev/2.11/v/extra_forbidden&#10;cache_ttl_seconds&#10;  Extra inputs are not permitted [type=extra_forbidden, input_value=300, input_type=int]&#10;    For further information visit https://errors.pydantic.dev/2.11/v/extra_forbidden&#10;circuit_breaker_enabled&#10;  Extra inputs are not permitted [type=extra_forbidden, input_value=True, input_type=bool]&#10;    For further information visit https://errors.pydantic.dev/2.11/v/extra_forbidden&#10;circuit_breaker_failure_threshold&#10;  Extra inputs are not permitted [type=extra_forbidden, input_value=5, input_type=int]&#10;    For further information visit https://errors.pydantic.dev/2.11/v/extra_forbidden&#10;circuit_breaker_recovery_timeout&#10;  Extra inputs are not permitted [type=extra_forbidden, input_value=60, input_type=int]&#10;    For further information visit https://errors.pydantic.dev/2.11/v/extra_forbidden&#10;admin_ui_enabled&#10;  Extra inputs are not permitted [type=extra_forbidden, input_value=True, input_type=bool]&#10;    For further information visit https://errors.pydantic.dev/2.11/v/extra_forbidden&#10;admin_ui_port&#10;  Extra inputs are not permitted [type=extra_forbidden, input_value=8081, input_type=int]&#10;    For further information visit https://errors.pydantic.dev/2.11/v/extra_forbidden&quot;">tests/conftest.py:42: in test_settings
    return Settings(
.venv/lib/python3.13/site-packages/pydantic_settings/main.py:188: in __init__
    super().__init__(
E   pydantic_core._pydantic_core.ValidationError: 11 validation errors for Settings
E   vector_database_url
E     Extra inputs are not permitted [type=extra_forbidden, input_value='http://localhost:8080', input_type=str]
E       For further information visit https://errors.pydantic.dev/2.11/v/extra_forbidden
E   testing
E     Extra inputs are not permitted [type=extra_forbidden, input_value=True, input_type=bool]
E       For further information visit https://errors.pydantic.dev/2.11/v/extra_forbidden
E   rate_limit_enabled
E     Extra inputs are not permitted [type=extra_forbidden, input_value=True, input_type=bool]
E       For further information visit https://errors.pydantic.dev/2.11/v/extra_forbidden
E   rate_limit_requests_per_minute
E     Extra inputs are not permitted [type=extra_forbidden, input_value=100, input_type=int]
E       For further information visit https://errors.pydantic.dev/2.11/v/extra_forbidden
E   cache_enabled
E     Extra inputs are not permitted [type=extra_forbidden, input_value=True, input_type=bool]
E       For further information visit https://errors.pydantic.dev/2.11/v/extra_forbidden
E   cache_ttl_seconds
E     Extra inputs are not permitted [type=extra_forbidden, input_value=300, input_type=int]
E       For further information visit https://errors.pydantic.dev/2.11/v/extra_forbidden
E   circuit_breaker_enabled
E     Extra inputs are not permitted [type=extra_forbidden, input_value=True, input_type=bool]
E       For further information visit https://errors.pydantic.dev/2.11/v/extra_forbidden
E   circuit_breaker_failure_threshold
E     Extra inputs are not permitted [type=extra_forbidden, input_value=5, input_type=int]
E       For further information visit https://errors.pydantic.dev/2.11/v/extra_forbidden
E   circuit_breaker_recovery_timeout
E     Extra inputs are not permitted [type=extra_forbidden, input_value=60, input_type=int]
E       For further information visit https://errors.pydantic.dev/2.11/v/extra_forbidden
E   admin_ui_enabled
E     Extra inputs are not permitted [type=extra_forbidden, input_value=True, input_type=bool]
E       For further information visit https://errors.pydantic.dev/2.11/v/extra_forbidden
E   admin_ui_port
E     Extra inputs are not permitted [type=extra_forbidden, input_value=8081, input_type=int]
E       For further information visit https://errors.pydantic.dev/2.11/v/extra_forbidden</error></testcase><testcase classname="tests.unit.performance.test_performance.TestLoadTesting" name="test_concurrent_search_operations" time="0.000"><error message="failed on setup with &quot;pydantic_core._pydantic_core.ValidationError: 11 validation errors for Settings&#10;vector_database_url&#10;  Extra inputs are not permitted [type=extra_forbidden, input_value='http://localhost:8080', input_type=str]&#10;    For further information visit https://errors.pydantic.dev/2.11/v/extra_forbidden&#10;testing&#10;  Extra inputs are not permitted [type=extra_forbidden, input_value=True, input_type=bool]&#10;    For further information visit https://errors.pydantic.dev/2.11/v/extra_forbidden&#10;rate_limit_enabled&#10;  Extra inputs are not permitted [type=extra_forbidden, input_value=True, input_type=bool]&#10;    For further information visit https://errors.pydantic.dev/2.11/v/extra_forbidden&#10;rate_limit_requests_per_minute&#10;  Extra inputs are not permitted [type=extra_forbidden, input_value=100, input_type=int]&#10;    For further information visit https://errors.pydantic.dev/2.11/v/extra_forbidden&#10;cache_enabled&#10;  Extra inputs are not permitted [type=extra_forbidden, input_value=True, input_type=bool]&#10;    For further information visit https://errors.pydantic.dev/2.11/v/extra_forbidden&#10;cache_ttl_seconds&#10;  Extra inputs are not permitted [type=extra_forbidden, input_value=300, input_type=int]&#10;    For further information visit https://errors.pydantic.dev/2.11/v/extra_forbidden&#10;circuit_breaker_enabled&#10;  Extra inputs are not permitted [type=extra_forbidden, input_value=True, input_type=bool]&#10;    For further information visit https://errors.pydantic.dev/2.11/v/extra_forbidden&#10;circuit_breaker_failure_threshold&#10;  Extra inputs are not permitted [type=extra_forbidden, input_value=5, input_type=int]&#10;    For further information visit https://errors.pydantic.dev/2.11/v/extra_forbidden&#10;circuit_breaker_recovery_timeout&#10;  Extra inputs are not permitted [type=extra_forbidden, input_value=60, input_type=int]&#10;    For further information visit https://errors.pydantic.dev/2.11/v/extra_forbidden&#10;admin_ui_enabled&#10;  Extra inputs are not permitted [type=extra_forbidden, input_value=True, input_type=bool]&#10;    For further information visit https://errors.pydantic.dev/2.11/v/extra_forbidden&#10;admin_ui_port&#10;  Extra inputs are not permitted [type=extra_forbidden, input_value=8081, input_type=int]&#10;    For further information visit https://errors.pydantic.dev/2.11/v/extra_forbidden&quot;">tests/conftest.py:42: in test_settings
    return Settings(
.venv/lib/python3.13/site-packages/pydantic_settings/main.py:188: in __init__
    super().__init__(
E   pydantic_core._pydantic_core.ValidationError: 11 validation errors for Settings
E   vector_database_url
E     Extra inputs are not permitted [type=extra_forbidden, input_value='http://localhost:8080', input_type=str]
E       For further information visit https://errors.pydantic.dev/2.11/v/extra_forbidden
E   testing
E     Extra inputs are not permitted [type=extra_forbidden, input_value=True, input_type=bool]
E       For further information visit https://errors.pydantic.dev/2.11/v/extra_forbidden
E   rate_limit_enabled
E     Extra inputs are not permitted [type=extra_forbidden, input_value=True, input_type=bool]
E       For further information visit https://errors.pydantic.dev/2.11/v/extra_forbidden
E   rate_limit_requests_per_minute
E     Extra inputs are not permitted [type=extra_forbidden, input_value=100, input_type=int]
E       For further information visit https://errors.pydantic.dev/2.11/v/extra_forbidden
E   cache_enabled
E     Extra inputs are not permitted [type=extra_forbidden, input_value=True, input_type=bool]
E       For further information visit https://errors.pydantic.dev/2.11/v/extra_forbidden
E   cache_ttl_seconds
E     Extra inputs are not permitted [type=extra_forbidden, input_value=300, input_type=int]
E       For further information visit https://errors.pydantic.dev/2.11/v/extra_forbidden
E   circuit_breaker_enabled
E     Extra inputs are not permitted [type=extra_forbidden, input_value=True, input_type=bool]
E       For further information visit https://errors.pydantic.dev/2.11/v/extra_forbidden
E   circuit_breaker_failure_threshold
E     Extra inputs are not permitted [type=extra_forbidden, input_value=5, input_type=int]
E       For further information visit https://errors.pydantic.dev/2.11/v/extra_forbidden
E   circuit_breaker_recovery_timeout
E     Extra inputs are not permitted [type=extra_forbidden, input_value=60, input_type=int]
E       For further information visit https://errors.pydantic.dev/2.11/v/extra_forbidden
E   admin_ui_enabled
E     Extra inputs are not permitted [type=extra_forbidden, input_value=True, input_type=bool]
E       For further information visit https://errors.pydantic.dev/2.11/v/extra_forbidden
E   admin_ui_port
E     Extra inputs are not permitted [type=extra_forbidden, input_value=8081, input_type=int]
E       For further information visit https://errors.pydantic.dev/2.11/v/extra_forbidden</error></testcase><testcase classname="tests.unit.performance.test_performance.TestStressTesting" name="test_memory_usage_under_load" time="0.000"><error message="failed on setup with &quot;pydantic_core._pydantic_core.ValidationError: 11 validation errors for Settings&#10;vector_database_url&#10;  Extra inputs are not permitted [type=extra_forbidden, input_value='http://localhost:8080', input_type=str]&#10;    For further information visit https://errors.pydantic.dev/2.11/v/extra_forbidden&#10;testing&#10;  Extra inputs are not permitted [type=extra_forbidden, input_value=True, input_type=bool]&#10;    For further information visit https://errors.pydantic.dev/2.11/v/extra_forbidden&#10;rate_limit_enabled&#10;  Extra inputs are not permitted [type=extra_forbidden, input_value=True, input_type=bool]&#10;    For further information visit https://errors.pydantic.dev/2.11/v/extra_forbidden&#10;rate_limit_requests_per_minute&#10;  Extra inputs are not permitted [type=extra_forbidden, input_value=100, input_type=int]&#10;    For further information visit https://errors.pydantic.dev/2.11/v/extra_forbidden&#10;cache_enabled&#10;  Extra inputs are not permitted [type=extra_forbidden, input_value=True, input_type=bool]&#10;    For further information visit https://errors.pydantic.dev/2.11/v/extra_forbidden&#10;cache_ttl_seconds&#10;  Extra inputs are not permitted [type=extra_forbidden, input_value=300, input_type=int]&#10;    For further information visit https://errors.pydantic.dev/2.11/v/extra_forbidden&#10;circuit_breaker_enabled&#10;  Extra inputs are not permitted [type=extra_forbidden, input_value=True, input_type=bool]&#10;    For further information visit https://errors.pydantic.dev/2.11/v/extra_forbidden&#10;circuit_breaker_failure_threshold&#10;  Extra inputs are not permitted [type=extra_forbidden, input_value=5, input_type=int]&#10;    For further information visit https://errors.pydantic.dev/2.11/v/extra_forbidden&#10;circuit_breaker_recovery_timeout&#10;  Extra inputs are not permitted [type=extra_forbidden, input_value=60, input_type=int]&#10;    For further information visit https://errors.pydantic.dev/2.11/v/extra_forbidden&#10;admin_ui_enabled&#10;  Extra inputs are not permitted [type=extra_forbidden, input_value=True, input_type=bool]&#10;    For further information visit https://errors.pydantic.dev/2.11/v/extra_forbidden&#10;admin_ui_port&#10;  Extra inputs are not permitted [type=extra_forbidden, input_value=8081, input_type=int]&#10;    For further information visit https://errors.pydantic.dev/2.11/v/extra_forbidden&quot;">tests/conftest.py:42: in test_settings
    return Settings(
.venv/lib/python3.13/site-packages/pydantic_settings/main.py:188: in __init__
    super().__init__(
E   pydantic_core._pydantic_core.ValidationError: 11 validation errors for Settings
E   vector_database_url
E     Extra inputs are not permitted [type=extra_forbidden, input_value='http://localhost:8080', input_type=str]
E       For further information visit https://errors.pydantic.dev/2.11/v/extra_forbidden
E   testing
E     Extra inputs are not permitted [type=extra_forbidden, input_value=True, input_type=bool]
E       For further information visit https://errors.pydantic.dev/2.11/v/extra_forbidden
E   rate_limit_enabled
E     Extra inputs are not permitted [type=extra_forbidden, input_value=True, input_type=bool]
E       For further information visit https://errors.pydantic.dev/2.11/v/extra_forbidden
E   rate_limit_requests_per_minute
E     Extra inputs are not permitted [type=extra_forbidden, input_value=100, input_type=int]
E       For further information visit https://errors.pydantic.dev/2.11/v/extra_forbidden
E   cache_enabled
E     Extra inputs are not permitted [type=extra_forbidden, input_value=True, input_type=bool]
E       For further information visit https://errors.pydantic.dev/2.11/v/extra_forbidden
E   cache_ttl_seconds
E     Extra inputs are not permitted [type=extra_forbidden, input_value=300, input_type=int]
E       For further information visit https://errors.pydantic.dev/2.11/v/extra_forbidden
E   circuit_breaker_enabled
E     Extra inputs are not permitted [type=extra_forbidden, input_value=True, input_type=bool]
E       For further information visit https://errors.pydantic.dev/2.11/v/extra_forbidden
E   circuit_breaker_failure_threshold
E     Extra inputs are not permitted [type=extra_forbidden, input_value=5, input_type=int]
E       For further information visit https://errors.pydantic.dev/2.11/v/extra_forbidden
E   circuit_breaker_recovery_timeout
E     Extra inputs are not permitted [type=extra_forbidden, input_value=60, input_type=int]
E       For further information visit https://errors.pydantic.dev/2.11/v/extra_forbidden
E   admin_ui_enabled
E     Extra inputs are not permitted [type=extra_forbidden, input_value=True, input_type=bool]
E       For further information visit https://errors.pydantic.dev/2.11/v/extra_forbidden
E   admin_ui_port
E     Extra inputs are not permitted [type=extra_forbidden, input_value=8081, input_type=int]
E       For further information visit https://errors.pydantic.dev/2.11/v/extra_forbidden</error></testcase><testcase classname="tests.unit.performance.test_performance.TestStressTesting" name="test_cpu_usage_under_load" time="0.000"><error message="failed on setup with &quot;pydantic_core._pydantic_core.ValidationError: 11 validation errors for Settings&#10;vector_database_url&#10;  Extra inputs are not permitted [type=extra_forbidden, input_value='http://localhost:8080', input_type=str]&#10;    For further information visit https://errors.pydantic.dev/2.11/v/extra_forbidden&#10;testing&#10;  Extra inputs are not permitted [type=extra_forbidden, input_value=True, input_type=bool]&#10;    For further information visit https://errors.pydantic.dev/2.11/v/extra_forbidden&#10;rate_limit_enabled&#10;  Extra inputs are not permitted [type=extra_forbidden, input_value=True, input_type=bool]&#10;    For further information visit https://errors.pydantic.dev/2.11/v/extra_forbidden&#10;rate_limit_requests_per_minute&#10;  Extra inputs are not permitted [type=extra_forbidden, input_value=100, input_type=int]&#10;    For further information visit https://errors.pydantic.dev/2.11/v/extra_forbidden&#10;cache_enabled&#10;  Extra inputs are not permitted [type=extra_forbidden, input_value=True, input_type=bool]&#10;    For further information visit https://errors.pydantic.dev/2.11/v/extra_forbidden&#10;cache_ttl_seconds&#10;  Extra inputs are not permitted [type=extra_forbidden, input_value=300, input_type=int]&#10;    For further information visit https://errors.pydantic.dev/2.11/v/extra_forbidden&#10;circuit_breaker_enabled&#10;  Extra inputs are not permitted [type=extra_forbidden, input_value=True, input_type=bool]&#10;    For further information visit https://errors.pydantic.dev/2.11/v/extra_forbidden&#10;circuit_breaker_failure_threshold&#10;  Extra inputs are not permitted [type=extra_forbidden, input_value=5, input_type=int]&#10;    For further information visit https://errors.pydantic.dev/2.11/v/extra_forbidden&#10;circuit_breaker_recovery_timeout&#10;  Extra inputs are not permitted [type=extra_forbidden, input_value=60, input_type=int]&#10;    For further information visit https://errors.pydantic.dev/2.11/v/extra_forbidden&#10;admin_ui_enabled&#10;  Extra inputs are not permitted [type=extra_forbidden, input_value=True, input_type=bool]&#10;    For further information visit https://errors.pydantic.dev/2.11/v/extra_forbidden&#10;admin_ui_port&#10;  Extra inputs are not permitted [type=extra_forbidden, input_value=8081, input_type=int]&#10;    For further information visit https://errors.pydantic.dev/2.11/v/extra_forbidden&quot;">tests/conftest.py:42: in test_settings
    return Settings(
.venv/lib/python3.13/site-packages/pydantic_settings/main.py:188: in __init__
    super().__init__(
E   pydantic_core._pydantic_core.ValidationError: 11 validation errors for Settings
E   vector_database_url
E     Extra inputs are not permitted [type=extra_forbidden, input_value='http://localhost:8080', input_type=str]
E       For further information visit https://errors.pydantic.dev/2.11/v/extra_forbidden
E   testing
E     Extra inputs are not permitted [type=extra_forbidden, input_value=True, input_type=bool]
E       For further information visit https://errors.pydantic.dev/2.11/v/extra_forbidden
E   rate_limit_enabled
E     Extra inputs are not permitted [type=extra_forbidden, input_value=True, input_type=bool]
E       For further information visit https://errors.pydantic.dev/2.11/v/extra_forbidden
E   rate_limit_requests_per_minute
E     Extra inputs are not permitted [type=extra_forbidden, input_value=100, input_type=int]
E       For further information visit https://errors.pydantic.dev/2.11/v/extra_forbidden
E   cache_enabled
E     Extra inputs are not permitted [type=extra_forbidden, input_value=True, input_type=bool]
E       For further information visit https://errors.pydantic.dev/2.11/v/extra_forbidden
E   cache_ttl_seconds
E     Extra inputs are not permitted [type=extra_forbidden, input_value=300, input_type=int]
E       For further information visit https://errors.pydantic.dev/2.11/v/extra_forbidden
E   circuit_breaker_enabled
E     Extra inputs are not permitted [type=extra_forbidden, input_value=True, input_type=bool]
E       For further information visit https://errors.pydantic.dev/2.11/v/extra_forbidden
E   circuit_breaker_failure_threshold
E     Extra inputs are not permitted [type=extra_forbidden, input_value=5, input_type=int]
E       For further information visit https://errors.pydantic.dev/2.11/v/extra_forbidden
E   circuit_breaker_recovery_timeout
E     Extra inputs are not permitted [type=extra_forbidden, input_value=60, input_type=int]
E       For further information visit https://errors.pydantic.dev/2.11/v/extra_forbidden
E   admin_ui_enabled
E     Extra inputs are not permitted [type=extra_forbidden, input_value=True, input_type=bool]
E       For further information visit https://errors.pydantic.dev/2.11/v/extra_forbidden
E   admin_ui_port
E     Extra inputs are not permitted [type=extra_forbidden, input_value=8081, input_type=int]
E       For further information visit https://errors.pydantic.dev/2.11/v/extra_forbidden</error></testcase><testcase classname="tests.unit.performance.test_performance.TestPerformanceRegression" name="test_authentication_benchmark" time="0.000"><error message="failed on setup with &quot;pydantic_core._pydantic_core.ValidationError: 11 validation errors for Settings&#10;vector_database_url&#10;  Extra inputs are not permitted [type=extra_forbidden, input_value='http://localhost:8080', input_type=str]&#10;    For further information visit https://errors.pydantic.dev/2.11/v/extra_forbidden&#10;testing&#10;  Extra inputs are not permitted [type=extra_forbidden, input_value=True, input_type=bool]&#10;    For further information visit https://errors.pydantic.dev/2.11/v/extra_forbidden&#10;rate_limit_enabled&#10;  Extra inputs are not permitted [type=extra_forbidden, input_value=True, input_type=bool]&#10;    For further information visit https://errors.pydantic.dev/2.11/v/extra_forbidden&#10;rate_limit_requests_per_minute&#10;  Extra inputs are not permitted [type=extra_forbidden, input_value=100, input_type=int]&#10;    For further information visit https://errors.pydantic.dev/2.11/v/extra_forbidden&#10;cache_enabled&#10;  Extra inputs are not permitted [type=extra_forbidden, input_value=True, input_type=bool]&#10;    For further information visit https://errors.pydantic.dev/2.11/v/extra_forbidden&#10;cache_ttl_seconds&#10;  Extra inputs are not permitted [type=extra_forbidden, input_value=300, input_type=int]&#10;    For further information visit https://errors.pydantic.dev/2.11/v/extra_forbidden&#10;circuit_breaker_enabled&#10;  Extra inputs are not permitted [type=extra_forbidden, input_value=True, input_type=bool]&#10;    For further information visit https://errors.pydantic.dev/2.11/v/extra_forbidden&#10;circuit_breaker_failure_threshold&#10;  Extra inputs are not permitted [type=extra_forbidden, input_value=5, input_type=int]&#10;    For further information visit https://errors.pydantic.dev/2.11/v/extra_forbidden&#10;circuit_breaker_recovery_timeout&#10;  Extra inputs are not permitted [type=extra_forbidden, input_value=60, input_type=int]&#10;    For further information visit https://errors.pydantic.dev/2.11/v/extra_forbidden&#10;admin_ui_enabled&#10;  Extra inputs are not permitted [type=extra_forbidden, input_value=True, input_type=bool]&#10;    For further information visit https://errors.pydantic.dev/2.11/v/extra_forbidden&#10;admin_ui_port&#10;  Extra inputs are not permitted [type=extra_forbidden, input_value=8081, input_type=int]&#10;    For further information visit https://errors.pydantic.dev/2.11/v/extra_forbidden&quot;">tests/conftest.py:42: in test_settings
    return Settings(
.venv/lib/python3.13/site-packages/pydantic_settings/main.py:188: in __init__
    super().__init__(
E   pydantic_core._pydantic_core.ValidationError: 11 validation errors for Settings
E   vector_database_url
E     Extra inputs are not permitted [type=extra_forbidden, input_value='http://localhost:8080', input_type=str]
E       For further information visit https://errors.pydantic.dev/2.11/v/extra_forbidden
E   testing
E     Extra inputs are not permitted [type=extra_forbidden, input_value=True, input_type=bool]
E       For further information visit https://errors.pydantic.dev/2.11/v/extra_forbidden
E   rate_limit_enabled
E     Extra inputs are not permitted [type=extra_forbidden, input_value=True, input_type=bool]
E       For further information visit https://errors.pydantic.dev/2.11/v/extra_forbidden
E   rate_limit_requests_per_minute
E     Extra inputs are not permitted [type=extra_forbidden, input_value=100, input_type=int]
E       For further information visit https://errors.pydantic.dev/2.11/v/extra_forbidden
E   cache_enabled
E     Extra inputs are not permitted [type=extra_forbidden, input_value=True, input_type=bool]
E       For further information visit https://errors.pydantic.dev/2.11/v/extra_forbidden
E   cache_ttl_seconds
E     Extra inputs are not permitted [type=extra_forbidden, input_value=300, input_type=int]
E       For further information visit https://errors.pydantic.dev/2.11/v/extra_forbidden
E   circuit_breaker_enabled
E     Extra inputs are not permitted [type=extra_forbidden, input_value=True, input_type=bool]
E       For further information visit https://errors.pydantic.dev/2.11/v/extra_forbidden
E   circuit_breaker_failure_threshold
E     Extra inputs are not permitted [type=extra_forbidden, input_value=5, input_type=int]
E       For further information visit https://errors.pydantic.dev/2.11/v/extra_forbidden
E   circuit_breaker_recovery_timeout
E     Extra inputs are not permitted [type=extra_forbidden, input_value=60, input_type=int]
E       For further information visit https://errors.pydantic.dev/2.11/v/extra_forbidden
E   admin_ui_enabled
E     Extra inputs are not permitted [type=extra_forbidden, input_value=True, input_type=bool]
E       For further information visit https://errors.pydantic.dev/2.11/v/extra_forbidden
E   admin_ui_port
E     Extra inputs are not permitted [type=extra_forbidden, input_value=8081, input_type=int]
E       For further information visit https://errors.pydantic.dev/2.11/v/extra_forbidden</error></testcase><testcase classname="tests.unit.performance.test_performance.TestPerformanceRegression" name="test_tool_operations_benchmark" time="0.000"><error message="failed on setup with &quot;pydantic_core._pydantic_core.ValidationError: 11 validation errors for Settings&#10;vector_database_url&#10;  Extra inputs are not permitted [type=extra_forbidden, input_value='http://localhost:8080', input_type=str]&#10;    For further information visit https://errors.pydantic.dev/2.11/v/extra_forbidden&#10;testing&#10;  Extra inputs are not permitted [type=extra_forbidden, input_value=True, input_type=bool]&#10;    For further information visit https://errors.pydantic.dev/2.11/v/extra_forbidden&#10;rate_limit_enabled&#10;  Extra inputs are not permitted [type=extra_forbidden, input_value=True, input_type=bool]&#10;    For further information visit https://errors.pydantic.dev/2.11/v/extra_forbidden&#10;rate_limit_requests_per_minute&#10;  Extra inputs are not permitted [type=extra_forbidden, input_value=100, input_type=int]&#10;    For further information visit https://errors.pydantic.dev/2.11/v/extra_forbidden&#10;cache_enabled&#10;  Extra inputs are not permitted [type=extra_forbidden, input_value=True, input_type=bool]&#10;    For further information visit https://errors.pydantic.dev/2.11/v/extra_forbidden&#10;cache_ttl_seconds&#10;  Extra inputs are not permitted [type=extra_forbidden, input_value=300, input_type=int]&#10;    For further information visit https://errors.pydantic.dev/2.11/v/extra_forbidden&#10;circuit_breaker_enabled&#10;  Extra inputs are not permitted [type=extra_forbidden, input_value=True, input_type=bool]&#10;    For further information visit https://errors.pydantic.dev/2.11/v/extra_forbidden&#10;circuit_breaker_failure_threshold&#10;  Extra inputs are not permitted [type=extra_forbidden, input_value=5, input_type=int]&#10;    For further information visit https://errors.pydantic.dev/2.11/v/extra_forbidden&#10;circuit_breaker_recovery_timeout&#10;  Extra inputs are not permitted [type=extra_forbidden, input_value=60, input_type=int]&#10;    For further information visit https://errors.pydantic.dev/2.11/v/extra_forbidden&#10;admin_ui_enabled&#10;  Extra inputs are not permitted [type=extra_forbidden, input_value=True, input_type=bool]&#10;    For further information visit https://errors.pydantic.dev/2.11/v/extra_forbidden&#10;admin_ui_port&#10;  Extra inputs are not permitted [type=extra_forbidden, input_value=8081, input_type=int]&#10;    For further information visit https://errors.pydantic.dev/2.11/v/extra_forbidden&quot;">tests/conftest.py:42: in test_settings
    return Settings(
.venv/lib/python3.13/site-packages/pydantic_settings/main.py:188: in __init__
    super().__init__(
E   pydantic_core._pydantic_core.ValidationError: 11 validation errors for Settings
E   vector_database_url
E     Extra inputs are not permitted [type=extra_forbidden, input_value='http://localhost:8080', input_type=str]
E       For further information visit https://errors.pydantic.dev/2.11/v/extra_forbidden
E   testing
E     Extra inputs are not permitted [type=extra_forbidden, input_value=True, input_type=bool]
E       For further information visit https://errors.pydantic.dev/2.11/v/extra_forbidden
E   rate_limit_enabled
E     Extra inputs are not permitted [type=extra_forbidden, input_value=True, input_type=bool]
E       For further information visit https://errors.pydantic.dev/2.11/v/extra_forbidden
E   rate_limit_requests_per_minute
E     Extra inputs are not permitted [type=extra_forbidden, input_value=100, input_type=int]
E       For further information visit https://errors.pydantic.dev/2.11/v/extra_forbidden
E   cache_enabled
E     Extra inputs are not permitted [type=extra_forbidden, input_value=True, input_type=bool]
E       For further information visit https://errors.pydantic.dev/2.11/v/extra_forbidden
E   cache_ttl_seconds
E     Extra inputs are not permitted [type=extra_forbidden, input_value=300, input_type=int]
E       For further information visit https://errors.pydantic.dev/2.11/v/extra_forbidden
E   circuit_breaker_enabled
E     Extra inputs are not permitted [type=extra_forbidden, input_value=True, input_type=bool]
E       For further information visit https://errors.pydantic.dev/2.11/v/extra_forbidden
E   circuit_breaker_failure_threshold
E     Extra inputs are not permitted [type=extra_forbidden, input_value=5, input_type=int]
E       For further information visit https://errors.pydantic.dev/2.11/v/extra_forbidden
E   circuit_breaker_recovery_timeout
E     Extra inputs are not permitted [type=extra_forbidden, input_value=60, input_type=int]
E       For further information visit https://errors.pydantic.dev/2.11/v/extra_forbidden
E   admin_ui_enabled
E     Extra inputs are not permitted [type=extra_forbidden, input_value=True, input_type=bool]
E       For further information visit https://errors.pydantic.dev/2.11/v/extra_forbidden
E   admin_ui_port
E     Extra inputs are not permitted [type=extra_forbidden, input_value=8081, input_type=int]
E       For further information visit https://errors.pydantic.dev/2.11/v/extra_forbidden</error></testcase><testcase classname="tests.unit.performance.test_performance.TestResourceMonitoring" name="test_memory_leak_detection" time="0.000"><error message="failed on setup with &quot;pydantic_core._pydantic_core.ValidationError: 11 validation errors for Settings&#10;vector_database_url&#10;  Extra inputs are not permitted [type=extra_forbidden, input_value='http://localhost:8080', input_type=str]&#10;    For further information visit https://errors.pydantic.dev/2.11/v/extra_forbidden&#10;testing&#10;  Extra inputs are not permitted [type=extra_forbidden, input_value=True, input_type=bool]&#10;    For further information visit https://errors.pydantic.dev/2.11/v/extra_forbidden&#10;rate_limit_enabled&#10;  Extra inputs are not permitted [type=extra_forbidden, input_value=True, input_type=bool]&#10;    For further information visit https://errors.pydantic.dev/2.11/v/extra_forbidden&#10;rate_limit_requests_per_minute&#10;  Extra inputs are not permitted [type=extra_forbidden, input_value=100, input_type=int]&#10;    For further information visit https://errors.pydantic.dev/2.11/v/extra_forbidden&#10;cache_enabled&#10;  Extra inputs are not permitted [type=extra_forbidden, input_value=True, input_type=bool]&#10;    For further information visit https://errors.pydantic.dev/2.11/v/extra_forbidden&#10;cache_ttl_seconds&#10;  Extra inputs are not permitted [type=extra_forbidden, input_value=300, input_type=int]&#10;    For further information visit https://errors.pydantic.dev/2.11/v/extra_forbidden&#10;circuit_breaker_enabled&#10;  Extra inputs are not permitted [type=extra_forbidden, input_value=True, input_type=bool]&#10;    For further information visit https://errors.pydantic.dev/2.11/v/extra_forbidden&#10;circuit_breaker_failure_threshold&#10;  Extra inputs are not permitted [type=extra_forbidden, input_value=5, input_type=int]&#10;    For further information visit https://errors.pydantic.dev/2.11/v/extra_forbidden&#10;circuit_breaker_recovery_timeout&#10;  Extra inputs are not permitted [type=extra_forbidden, input_value=60, input_type=int]&#10;    For further information visit https://errors.pydantic.dev/2.11/v/extra_forbidden&#10;admin_ui_enabled&#10;  Extra inputs are not permitted [type=extra_forbidden, input_value=True, input_type=bool]&#10;    For further information visit https://errors.pydantic.dev/2.11/v/extra_forbidden&#10;admin_ui_port&#10;  Extra inputs are not permitted [type=extra_forbidden, input_value=8081, input_type=int]&#10;    For further information visit https://errors.pydantic.dev/2.11/v/extra_forbidden&quot;">tests/conftest.py:42: in test_settings
    return Settings(
.venv/lib/python3.13/site-packages/pydantic_settings/main.py:188: in __init__
    super().__init__(
E   pydantic_core._pydantic_core.ValidationError: 11 validation errors for Settings
E   vector_database_url
E     Extra inputs are not permitted [type=extra_forbidden, input_value='http://localhost:8080', input_type=str]
E       For further information visit https://errors.pydantic.dev/2.11/v/extra_forbidden
E   testing
E     Extra inputs are not permitted [type=extra_forbidden, input_value=True, input_type=bool]
E       For further information visit https://errors.pydantic.dev/2.11/v/extra_forbidden
E   rate_limit_enabled
E     Extra inputs are not permitted [type=extra_forbidden, input_value=True, input_type=bool]
E       For further information visit https://errors.pydantic.dev/2.11/v/extra_forbidden
E   rate_limit_requests_per_minute
E     Extra inputs are not permitted [type=extra_forbidden, input_value=100, input_type=int]
E       For further information visit https://errors.pydantic.dev/2.11/v/extra_forbidden
E   cache_enabled
E     Extra inputs are not permitted [type=extra_forbidden, input_value=True, input_type=bool]
E       For further information visit https://errors.pydantic.dev/2.11/v/extra_forbidden
E   cache_ttl_seconds
E     Extra inputs are not permitted [type=extra_forbidden, input_value=300, input_type=int]
E       For further information visit https://errors.pydantic.dev/2.11/v/extra_forbidden
E   circuit_breaker_enabled
E     Extra inputs are not permitted [type=extra_forbidden, input_value=True, input_type=bool]
E       For further information visit https://errors.pydantic.dev/2.11/v/extra_forbidden
E   circuit_breaker_failure_threshold
E     Extra inputs are not permitted [type=extra_forbidden, input_value=5, input_type=int]
E       For further information visit https://errors.pydantic.dev/2.11/v/extra_forbidden
E   circuit_breaker_recovery_timeout
E     Extra inputs are not permitted [type=extra_forbidden, input_value=60, input_type=int]
E       For further information visit https://errors.pydantic.dev/2.11/v/extra_forbidden
E   admin_ui_enabled
E     Extra inputs are not permitted [type=extra_forbidden, input_value=True, input_type=bool]
E       For further information visit https://errors.pydantic.dev/2.11/v/extra_forbidden
E   admin_ui_port
E     Extra inputs are not permitted [type=extra_forbidden, input_value=8081, input_type=int]
E       For further information visit https://errors.pydantic.dev/2.11/v/extra_forbidden</error></testcase><testcase classname="tests.unit.performance.test_performance.TestResourceMonitoring" name="test_cpu_efficiency" time="0.000"><error message="failed on setup with &quot;pydantic_core._pydantic_core.ValidationError: 11 validation errors for Settings&#10;vector_database_url&#10;  Extra inputs are not permitted [type=extra_forbidden, input_value='http://localhost:8080', input_type=str]&#10;    For further information visit https://errors.pydantic.dev/2.11/v/extra_forbidden&#10;testing&#10;  Extra inputs are not permitted [type=extra_forbidden, input_value=True, input_type=bool]&#10;    For further information visit https://errors.pydantic.dev/2.11/v/extra_forbidden&#10;rate_limit_enabled&#10;  Extra inputs are not permitted [type=extra_forbidden, input_value=True, input_type=bool]&#10;    For further information visit https://errors.pydantic.dev/2.11/v/extra_forbidden&#10;rate_limit_requests_per_minute&#10;  Extra inputs are not permitted [type=extra_forbidden, input_value=100, input_type=int]&#10;    For further information visit https://errors.pydantic.dev/2.11/v/extra_forbidden&#10;cache_enabled&#10;  Extra inputs are not permitted [type=extra_forbidden, input_value=True, input_type=bool]&#10;    For further information visit https://errors.pydantic.dev/2.11/v/extra_forbidden&#10;cache_ttl_seconds&#10;  Extra inputs are not permitted [type=extra_forbidden, input_value=300, input_type=int]&#10;    For further information visit https://errors.pydantic.dev/2.11/v/extra_forbidden&#10;circuit_breaker_enabled&#10;  Extra inputs are not permitted [type=extra_forbidden, input_value=True, input_type=bool]&#10;    For further information visit https://errors.pydantic.dev/2.11/v/extra_forbidden&#10;circuit_breaker_failure_threshold&#10;  Extra inputs are not permitted [type=extra_forbidden, input_value=5, input_type=int]&#10;    For further information visit https://errors.pydantic.dev/2.11/v/extra_forbidden&#10;circuit_breaker_recovery_timeout&#10;  Extra inputs are not permitted [type=extra_forbidden, input_value=60, input_type=int]&#10;    For further information visit https://errors.pydantic.dev/2.11/v/extra_forbidden&#10;admin_ui_enabled&#10;  Extra inputs are not permitted [type=extra_forbidden, input_value=True, input_type=bool]&#10;    For further information visit https://errors.pydantic.dev/2.11/v/extra_forbidden&#10;admin_ui_port&#10;  Extra inputs are not permitted [type=extra_forbidden, input_value=8081, input_type=int]&#10;    For further information visit https://errors.pydantic.dev/2.11/v/extra_forbidden&quot;">tests/conftest.py:42: in test_settings
    return Settings(
.venv/lib/python3.13/site-packages/pydantic_settings/main.py:188: in __init__
    super().__init__(
E   pydantic_core._pydantic_core.ValidationError: 11 validation errors for Settings
E   vector_database_url
E     Extra inputs are not permitted [type=extra_forbidden, input_value='http://localhost:8080', input_type=str]
E       For further information visit https://errors.pydantic.dev/2.11/v/extra_forbidden
E   testing
E     Extra inputs are not permitted [type=extra_forbidden, input_value=True, input_type=bool]
E       For further information visit https://errors.pydantic.dev/2.11/v/extra_forbidden
E   rate_limit_enabled
E     Extra inputs are not permitted [type=extra_forbidden, input_value=True, input_type=bool]
E       For further information visit https://errors.pydantic.dev/2.11/v/extra_forbidden
E   rate_limit_requests_per_minute
E     Extra inputs are not permitted [type=extra_forbidden, input_value=100, input_type=int]
E       For further information visit https://errors.pydantic.dev/2.11/v/extra_forbidden
E   cache_enabled
E     Extra inputs are not permitted [type=extra_forbidden, input_value=True, input_type=bool]
E       For further information visit https://errors.pydantic.dev/2.11/v/extra_forbidden
E   cache_ttl_seconds
E     Extra inputs are not permitted [type=extra_forbidden, input_value=300, input_type=int]
E       For further information visit https://errors.pydantic.dev/2.11/v/extra_forbidden
E   circuit_breaker_enabled
E     Extra inputs are not permitted [type=extra_forbidden, input_value=True, input_type=bool]
E       For further information visit https://errors.pydantic.dev/2.11/v/extra_forbidden
E   circuit_breaker_failure_threshold
E     Extra inputs are not permitted [type=extra_forbidden, input_value=5, input_type=int]
E       For further information visit https://errors.pydantic.dev/2.11/v/extra_forbidden
E   circuit_breaker_recovery_timeout
E     Extra inputs are not permitted [type=extra_forbidden, input_value=60, input_type=int]
E       For further information visit https://errors.pydantic.dev/2.11/v/extra_forbidden
E   admin_ui_enabled
E     Extra inputs are not permitted [type=extra_forbidden, input_value=True, input_type=bool]
E       For further information visit https://errors.pydantic.dev/2.11/v/extra_forbidden
E   admin_ui_port
E     Extra inputs are not permitted [type=extra_forbidden, input_value=8081, input_type=int]
E       For further information visit https://errors.pydantic.dev/2.11/v/extra_forbidden</error></testcase></testsuite></testsuites>