<?xml version="1.0" encoding="utf-8"?><testsuites name="pytest tests"><testsuite name="pytest" errors="38" failures="21" skipped="0" tests="246" time="11.727" timestamp="2025-07-25T22:50:08.591978+02:00" hostname="Laborator"><testcase classname="tests.unit.performance.test_cli_performance.TestCLIPerformance" name="test_cli_initialization_performance" time="0.020" /><testcase classname="tests.unit.performance.test_cli_performance.TestCLIPerformance" name="test_environment_validation_performance" time="0.124" /><testcase classname="tests.unit.performance.test_cli_performance.TestCLIPerformance" name="test_docker_status_performance" time="0.002" /><testcase classname="tests.unit.performance.test_cli_performance.TestCLIPerformance" name="test_large_env_file_performance" time="0.124" /><testcase classname="tests.unit.performance.test_cli_performance.TestCLIPerformance" name="test_concurrent_operations_performance" time="0.003" /><testcase classname="tests.unit.performance.test_cli_performance.TestCLIPerformance" name="test_memory_leak_detection" time="0.130" /><testcase classname="tests.unit.performance.test_cli_performance.TestCLIPerformance" name="test_command_parsing_performance" time="0.003" /><testcase classname="tests.unit.performance.test_cli_performance.TestCLIPerformance" name="test_file_operations_performance" time="0.001"><failure message="FileNotFoundError: [Errno 2] No such file or directory: '/home/johannes/PycharmProjects/MetaMCP/.env'">tests/unit/performance/test_cli_performance.py:357: in test_file_operations_performance
    with open(cli.project_root / ".env") as f:
         ^^^^^^^^^^^^^^^^^^^^^^^^^^^^^^^
E   FileNotFoundError: [Errno 2] No such file or directory: '/home/johannes/PycharmProjects/MetaMCP/.env'</failure></testcase><testcase classname="tests.unit.performance.test_cli_performance.TestCLIResourceUsage" name="test_cpu_usage" time="0.002" /><testcase classname="tests.unit.performance.test_cli_performance.TestCLIResourceUsage" name="test_disk_io_performance" time="0.001"><failure message="FileNotFoundError: [Errno 2] No such file or directory: '/home/johannes/PycharmProjects/MetaMCP/.env'">tests/unit/performance/test_cli_performance.py:447: in test_disk_io_performance
    with open(cli.project_root / ".env") as f:
         ^^^^^^^^^^^^^^^^^^^^^^^^^^^^^^^
E   FileNotFoundError: [Errno 2] No such file or directory: '/home/johannes/PycharmProjects/MetaMCP/.env'</failure></testcase><testcase classname="tests.unit.performance.test_performance.TestPerformanceBenchmarks" name="test_authentication_performance" time="0.002"><error message="failed on setup with &quot;pydantic_core._pydantic_core.ValidationError: 11 validation errors for Settings&#10;vector_database_url&#10;  Extra inputs are not permitted [type=extra_forbidden, input_value='http://localhost:8080', input_type=str]&#10;    For further information visit https://errors.pydantic.dev/2.11/v/extra_forbidden&#10;testing&#10;  Extra inputs are not permitted [type=extra_forbidden, input_value=True, input_type=bool]&#10;    For further information visit https://errors.pydantic.dev/2.11/v/extra_forbidden&#10;rate_limit_enabled&#10;  Extra inputs are not permitted [type=extra_forbidden, input_value=True, input_type=bool]&#10;    For further information visit https://errors.pydantic.dev/2.11/v/extra_forbidden&#10;rate_limit_requests_per_minute&#10;  Extra inputs are not permitted [type=extra_forbidden, input_value=100, input_type=int]&#10;    For further information visit https://errors.pydantic.dev/2.11/v/extra_forbidden&#10;cache_enabled&#10;  Extra inputs are not permitted [type=extra_forbidden, input_value=True, input_type=bool]&#10;    For further information visit https://errors.pydantic.dev/2.11/v/extra_forbidden&#10;cache_ttl_seconds&#10;  Extra inputs are not permitted [type=extra_forbidden, input_value=300, input_type=int]&#10;    For further information visit https://errors.pydantic.dev/2.11/v/extra_forbidden&#10;circuit_breaker_enabled&#10;  Extra inputs are not permitted [type=extra_forbidden, input_value=True, input_type=bool]&#10;    For further information visit https://errors.pydantic.dev/2.11/v/extra_forbidden&#10;circuit_breaker_failure_threshold&#10;  Extra inputs are not permitted [type=extra_forbidden, input_value=5, input_type=int]&#10;    For further information visit https://errors.pydantic.dev/2.11/v/extra_forbidden&#10;circuit_breaker_recovery_timeout&#10;  Extra inputs are not permitted [type=extra_forbidden, input_value=60, input_type=int]&#10;    For further information visit https://errors.pydantic.dev/2.11/v/extra_forbidden&#10;admin_ui_enabled&#10;  Extra inputs are not permitted [type=extra_forbidden, input_value=True, input_type=bool]&#10;    For further information visit https://errors.pydantic.dev/2.11/v/extra_forbidden&#10;admin_ui_port&#10;  Extra inputs are not permitted [type=extra_forbidden, input_value=8081, input_type=int]&#10;    For further information visit https://errors.pydantic.dev/2.11/v/extra_forbidden&quot;">tests/conftest.py:42: in test_settings
    return Settings(
.venv/lib/python3.13/site-packages/pydantic_settings/main.py:188: in __init__
    super().__init__(
E   pydantic_core._pydantic_core.ValidationError: 11 validation errors for Settings
E   vector_database_url
E     Extra inputs are not permitted [type=extra_forbidden, input_value='http://localhost:8080', input_type=str]
E       For further information visit https://errors.pydantic.dev/2.11/v/extra_forbidden
E   testing
E     Extra inputs are not permitted [type=extra_forbidden, input_value=True, input_type=bool]
E       For further information visit https://errors.pydantic.dev/2.11/v/extra_forbidden
E   rate_limit_enabled
E     Extra inputs are not permitted [type=extra_forbidden, input_value=True, input_type=bool]
E       For further information visit https://errors.pydantic.dev/2.11/v/extra_forbidden
E   rate_limit_requests_per_minute
E     Extra inputs are not permitted [type=extra_forbidden, input_value=100, input_type=int]
E       For further information visit https://errors.pydantic.dev/2.11/v/extra_forbidden
E   cache_enabled
E     Extra inputs are not permitted [type=extra_forbidden, input_value=True, input_type=bool]
E       For further information visit https://errors.pydantic.dev/2.11/v/extra_forbidden
E   cache_ttl_seconds
E     Extra inputs are not permitted [type=extra_forbidden, input_value=300, input_type=int]
E       For further information visit https://errors.pydantic.dev/2.11/v/extra_forbidden
E   circuit_breaker_enabled
E     Extra inputs are not permitted [type=extra_forbidden, input_value=True, input_type=bool]
E       For further information visit https://errors.pydantic.dev/2.11/v/extra_forbidden
E   circuit_breaker_failure_threshold
E     Extra inputs are not permitted [type=extra_forbidden, input_value=5, input_type=int]
E       For further information visit https://errors.pydantic.dev/2.11/v/extra_forbidden
E   circuit_breaker_recovery_timeout
E     Extra inputs are not permitted [type=extra_forbidden, input_value=60, input_type=int]
E       For further information visit https://errors.pydantic.dev/2.11/v/extra_forbidden
E   admin_ui_enabled
E     Extra inputs are not permitted [type=extra_forbidden, input_value=True, input_type=bool]
E       For further information visit https://errors.pydantic.dev/2.11/v/extra_forbidden
E   admin_ui_port
E     Extra inputs are not permitted [type=extra_forbidden, input_value=8081, input_type=int]
E       For further information visit https://errors.pydantic.dev/2.11/v/extra_forbidden</error></testcase><testcase classname="tests.unit.performance.test_performance.TestPerformanceBenchmarks" name="test_tool_registration_performance" time="0.000"><error message="failed on setup with &quot;pydantic_core._pydantic_core.ValidationError: 11 validation errors for Settings&#10;vector_database_url&#10;  Extra inputs are not permitted [type=extra_forbidden, input_value='http://localhost:8080', input_type=str]&#10;    For further information visit https://errors.pydantic.dev/2.11/v/extra_forbidden&#10;testing&#10;  Extra inputs are not permitted [type=extra_forbidden, input_value=True, input_type=bool]&#10;    For further information visit https://errors.pydantic.dev/2.11/v/extra_forbidden&#10;rate_limit_enabled&#10;  Extra inputs are not permitted [type=extra_forbidden, input_value=True, input_type=bool]&#10;    For further information visit https://errors.pydantic.dev/2.11/v/extra_forbidden&#10;rate_limit_requests_per_minute&#10;  Extra inputs are not permitted [type=extra_forbidden, input_value=100, input_type=int]&#10;    For further information visit https://errors.pydantic.dev/2.11/v/extra_forbidden&#10;cache_enabled&#10;  Extra inputs are not permitted [type=extra_forbidden, input_value=True, input_type=bool]&#10;    For further information visit https://errors.pydantic.dev/2.11/v/extra_forbidden&#10;cache_ttl_seconds&#10;  Extra inputs are not permitted [type=extra_forbidden, input_value=300, input_type=int]&#10;    For further information visit https://errors.pydantic.dev/2.11/v/extra_forbidden&#10;circuit_breaker_enabled&#10;  Extra inputs are not permitted [type=extra_forbidden, input_value=True, input_type=bool]&#10;    For further information visit https://errors.pydantic.dev/2.11/v/extra_forbidden&#10;circuit_breaker_failure_threshold&#10;  Extra inputs are not permitted [type=extra_forbidden, input_value=5, input_type=int]&#10;    For further information visit https://errors.pydantic.dev/2.11/v/extra_forbidden&#10;circuit_breaker_recovery_timeout&#10;  Extra inputs are not permitted [type=extra_forbidden, input_value=60, input_type=int]&#10;    For further information visit https://errors.pydantic.dev/2.11/v/extra_forbidden&#10;admin_ui_enabled&#10;  Extra inputs are not permitted [type=extra_forbidden, input_value=True, input_type=bool]&#10;    For further information visit https://errors.pydantic.dev/2.11/v/extra_forbidden&#10;admin_ui_port&#10;  Extra inputs are not permitted [type=extra_forbidden, input_value=8081, input_type=int]&#10;    For further information visit https://errors.pydantic.dev/2.11/v/extra_forbidden&quot;">tests/conftest.py:42: in test_settings
    return Settings(
.venv/lib/python3.13/site-packages/pydantic_settings/main.py:188: in __init__
    super().__init__(
E   pydantic_core._pydantic_core.ValidationError: 11 validation errors for Settings
E   vector_database_url
E     Extra inputs are not permitted [type=extra_forbidden, input_value='http://localhost:8080', input_type=str]
E       For further information visit https://errors.pydantic.dev/2.11/v/extra_forbidden
E   testing
E     Extra inputs are not permitted [type=extra_forbidden, input_value=True, input_type=bool]
E       For further information visit https://errors.pydantic.dev/2.11/v/extra_forbidden
E   rate_limit_enabled
E     Extra inputs are not permitted [type=extra_forbidden, input_value=True, input_type=bool]
E       For further information visit https://errors.pydantic.dev/2.11/v/extra_forbidden
E   rate_limit_requests_per_minute
E     Extra inputs are not permitted [type=extra_forbidden, input_value=100, input_type=int]
E       For further information visit https://errors.pydantic.dev/2.11/v/extra_forbidden
E   cache_enabled
E     Extra inputs are not permitted [type=extra_forbidden, input_value=True, input_type=bool]
E       For further information visit https://errors.pydantic.dev/2.11/v/extra_forbidden
E   cache_ttl_seconds
E     Extra inputs are not permitted [type=extra_forbidden, input_value=300, input_type=int]
E       For further information visit https://errors.pydantic.dev/2.11/v/extra_forbidden
E   circuit_breaker_enabled
E     Extra inputs are not permitted [type=extra_forbidden, input_value=True, input_type=bool]
E       For further information visit https://errors.pydantic.dev/2.11/v/extra_forbidden
E   circuit_breaker_failure_threshold
E     Extra inputs are not permitted [type=extra_forbidden, input_value=5, input_type=int]
E       For further information visit https://errors.pydantic.dev/2.11/v/extra_forbidden
E   circuit_breaker_recovery_timeout
E     Extra inputs are not permitted [type=extra_forbidden, input_value=60, input_type=int]
E       For further information visit https://errors.pydantic.dev/2.11/v/extra_forbidden
E   admin_ui_enabled
E     Extra inputs are not permitted [type=extra_forbidden, input_value=True, input_type=bool]
E       For further information visit https://errors.pydantic.dev/2.11/v/extra_forbidden
E   admin_ui_port
E     Extra inputs are not permitted [type=extra_forbidden, input_value=8081, input_type=int]
E       For further information visit https://errors.pydantic.dev/2.11/v/extra_forbidden</error></testcase><testcase classname="tests.unit.performance.test_performance.TestPerformanceBenchmarks" name="test_tool_search_performance" time="0.000"><error message="failed on setup with &quot;pydantic_core._pydantic_core.ValidationError: 11 validation errors for Settings&#10;vector_database_url&#10;  Extra inputs are not permitted [type=extra_forbidden, input_value='http://localhost:8080', input_type=str]&#10;    For further information visit https://errors.pydantic.dev/2.11/v/extra_forbidden&#10;testing&#10;  Extra inputs are not permitted [type=extra_forbidden, input_value=True, input_type=bool]&#10;    For further information visit https://errors.pydantic.dev/2.11/v/extra_forbidden&#10;rate_limit_enabled&#10;  Extra inputs are not permitted [type=extra_forbidden, input_value=True, input_type=bool]&#10;    For further information visit https://errors.pydantic.dev/2.11/v/extra_forbidden&#10;rate_limit_requests_per_minute&#10;  Extra inputs are not permitted [type=extra_forbidden, input_value=100, input_type=int]&#10;    For further information visit https://errors.pydantic.dev/2.11/v/extra_forbidden&#10;cache_enabled&#10;  Extra inputs are not permitted [type=extra_forbidden, input_value=True, input_type=bool]&#10;    For further information visit https://errors.pydantic.dev/2.11/v/extra_forbidden&#10;cache_ttl_seconds&#10;  Extra inputs are not permitted [type=extra_forbidden, input_value=300, input_type=int]&#10;    For further information visit https://errors.pydantic.dev/2.11/v/extra_forbidden&#10;circuit_breaker_enabled&#10;  Extra inputs are not permitted [type=extra_forbidden, input_value=True, input_type=bool]&#10;    For further information visit https://errors.pydantic.dev/2.11/v/extra_forbidden&#10;circuit_breaker_failure_threshold&#10;  Extra inputs are not permitted [type=extra_forbidden, input_value=5, input_type=int]&#10;    For further information visit https://errors.pydantic.dev/2.11/v/extra_forbidden&#10;circuit_breaker_recovery_timeout&#10;  Extra inputs are not permitted [type=extra_forbidden, input_value=60, input_type=int]&#10;    For further information visit https://errors.pydantic.dev/2.11/v/extra_forbidden&#10;admin_ui_enabled&#10;  Extra inputs are not permitted [type=extra_forbidden, input_value=True, input_type=bool]&#10;    For further information visit https://errors.pydantic.dev/2.11/v/extra_forbidden&#10;admin_ui_port&#10;  Extra inputs are not permitted [type=extra_forbidden, input_value=8081, input_type=int]&#10;    For further information visit https://errors.pydantic.dev/2.11/v/extra_forbidden&quot;">tests/conftest.py:42: in test_settings
    return Settings(
.venv/lib/python3.13/site-packages/pydantic_settings/main.py:188: in __init__
    super().__init__(
E   pydantic_core._pydantic_core.ValidationError: 11 validation errors for Settings
E   vector_database_url
E     Extra inputs are not permitted [type=extra_forbidden, input_value='http://localhost:8080', input_type=str]
E       For further information visit https://errors.pydantic.dev/2.11/v/extra_forbidden
E   testing
E     Extra inputs are not permitted [type=extra_forbidden, input_value=True, input_type=bool]
E       For further information visit https://errors.pydantic.dev/2.11/v/extra_forbidden
E   rate_limit_enabled
E     Extra inputs are not permitted [type=extra_forbidden, input_value=True, input_type=bool]
E       For further information visit https://errors.pydantic.dev/2.11/v/extra_forbidden
E   rate_limit_requests_per_minute
E     Extra inputs are not permitted [type=extra_forbidden, input_value=100, input_type=int]
E       For further information visit https://errors.pydantic.dev/2.11/v/extra_forbidden
E   cache_enabled
E     Extra inputs are not permitted [type=extra_forbidden, input_value=True, input_type=bool]
E       For further information visit https://errors.pydantic.dev/2.11/v/extra_forbidden
E   cache_ttl_seconds
E     Extra inputs are not permitted [type=extra_forbidden, input_value=300, input_type=int]
E       For further information visit https://errors.pydantic.dev/2.11/v/extra_forbidden
E   circuit_breaker_enabled
E     Extra inputs are not permitted [type=extra_forbidden, input_value=True, input_type=bool]
E       For further information visit https://errors.pydantic.dev/2.11/v/extra_forbidden
E   circuit_breaker_failure_threshold
E     Extra inputs are not permitted [type=extra_forbidden, input_value=5, input_type=int]
E       For further information visit https://errors.pydantic.dev/2.11/v/extra_forbidden
E   circuit_breaker_recovery_timeout
E     Extra inputs are not permitted [type=extra_forbidden, input_value=60, input_type=int]
E       For further information visit https://errors.pydantic.dev/2.11/v/extra_forbidden
E   admin_ui_enabled
E     Extra inputs are not permitted [type=extra_forbidden, input_value=True, input_type=bool]
E       For further information visit https://errors.pydantic.dev/2.11/v/extra_forbidden
E   admin_ui_port
E     Extra inputs are not permitted [type=extra_forbidden, input_value=8081, input_type=int]
E       For further information visit https://errors.pydantic.dev/2.11/v/extra_forbidden</error></testcase><testcase classname="tests.unit.performance.test_performance.TestPerformanceBenchmarks" name="test_cache_performance" time="0.000"><error message="failed on setup with &quot;pydantic_core._pydantic_core.ValidationError: 11 validation errors for Settings&#10;vector_database_url&#10;  Extra inputs are not permitted [type=extra_forbidden, input_value='http://localhost:8080', input_type=str]&#10;    For further information visit https://errors.pydantic.dev/2.11/v/extra_forbidden&#10;testing&#10;  Extra inputs are not permitted [type=extra_forbidden, input_value=True, input_type=bool]&#10;    For further information visit https://errors.pydantic.dev/2.11/v/extra_forbidden&#10;rate_limit_enabled&#10;  Extra inputs are not permitted [type=extra_forbidden, input_value=True, input_type=bool]&#10;    For further information visit https://errors.pydantic.dev/2.11/v/extra_forbidden&#10;rate_limit_requests_per_minute&#10;  Extra inputs are not permitted [type=extra_forbidden, input_value=100, input_type=int]&#10;    For further information visit https://errors.pydantic.dev/2.11/v/extra_forbidden&#10;cache_enabled&#10;  Extra inputs are not permitted [type=extra_forbidden, input_value=True, input_type=bool]&#10;    For further information visit https://errors.pydantic.dev/2.11/v/extra_forbidden&#10;cache_ttl_seconds&#10;  Extra inputs are not permitted [type=extra_forbidden, input_value=300, input_type=int]&#10;    For further information visit https://errors.pydantic.dev/2.11/v/extra_forbidden&#10;circuit_breaker_enabled&#10;  Extra inputs are not permitted [type=extra_forbidden, input_value=True, input_type=bool]&#10;    For further information visit https://errors.pydantic.dev/2.11/v/extra_forbidden&#10;circuit_breaker_failure_threshold&#10;  Extra inputs are not permitted [type=extra_forbidden, input_value=5, input_type=int]&#10;    For further information visit https://errors.pydantic.dev/2.11/v/extra_forbidden&#10;circuit_breaker_recovery_timeout&#10;  Extra inputs are not permitted [type=extra_forbidden, input_value=60, input_type=int]&#10;    For further information visit https://errors.pydantic.dev/2.11/v/extra_forbidden&#10;admin_ui_enabled&#10;  Extra inputs are not permitted [type=extra_forbidden, input_value=True, input_type=bool]&#10;    For further information visit https://errors.pydantic.dev/2.11/v/extra_forbidden&#10;admin_ui_port&#10;  Extra inputs are not permitted [type=extra_forbidden, input_value=8081, input_type=int]&#10;    For further information visit https://errors.pydantic.dev/2.11/v/extra_forbidden&quot;">tests/conftest.py:42: in test_settings
    return Settings(
.venv/lib/python3.13/site-packages/pydantic_settings/main.py:188: in __init__
    super().__init__(
E   pydantic_core._pydantic_core.ValidationError: 11 validation errors for Settings
E   vector_database_url
E     Extra inputs are not permitted [type=extra_forbidden, input_value='http://localhost:8080', input_type=str]
E       For further information visit https://errors.pydantic.dev/2.11/v/extra_forbidden
E   testing
E     Extra inputs are not permitted [type=extra_forbidden, input_value=True, input_type=bool]
E       For further information visit https://errors.pydantic.dev/2.11/v/extra_forbidden
E   rate_limit_enabled
E     Extra inputs are not permitted [type=extra_forbidden, input_value=True, input_type=bool]
E       For further information visit https://errors.pydantic.dev/2.11/v/extra_forbidden
E   rate_limit_requests_per_minute
E     Extra inputs are not permitted [type=extra_forbidden, input_value=100, input_type=int]
E       For further information visit https://errors.pydantic.dev/2.11/v/extra_forbidden
E   cache_enabled
E     Extra inputs are not permitted [type=extra_forbidden, input_value=True, input_type=bool]
E       For further information visit https://errors.pydantic.dev/2.11/v/extra_forbidden
E   cache_ttl_seconds
E     Extra inputs are not permitted [type=extra_forbidden, input_value=300, input_type=int]
E       For further information visit https://errors.pydantic.dev/2.11/v/extra_forbidden
E   circuit_breaker_enabled
E     Extra inputs are not permitted [type=extra_forbidden, input_value=True, input_type=bool]
E       For further information visit https://errors.pydantic.dev/2.11/v/extra_forbidden
E   circuit_breaker_failure_threshold
E     Extra inputs are not permitted [type=extra_forbidden, input_value=5, input_type=int]
E       For further information visit https://errors.pydantic.dev/2.11/v/extra_forbidden
E   circuit_breaker_recovery_timeout
E     Extra inputs are not permitted [type=extra_forbidden, input_value=60, input_type=int]
E       For further information visit https://errors.pydantic.dev/2.11/v/extra_forbidden
E   admin_ui_enabled
E     Extra inputs are not permitted [type=extra_forbidden, input_value=True, input_type=bool]
E       For further information visit https://errors.pydantic.dev/2.11/v/extra_forbidden
E   admin_ui_port
E     Extra inputs are not permitted [type=extra_forbidden, input_value=8081, input_type=int]
E       For further information visit https://errors.pydantic.dev/2.11/v/extra_forbidden</error></testcase><testcase classname="tests.unit.performance.test_performance.TestPerformanceBenchmarks" name="test_circuit_breaker_performance" time="0.000"><error message="failed on setup with &quot;pydantic_core._pydantic_core.ValidationError: 11 validation errors for Settings&#10;vector_database_url&#10;  Extra inputs are not permitted [type=extra_forbidden, input_value='http://localhost:8080', input_type=str]&#10;    For further information visit https://errors.pydantic.dev/2.11/v/extra_forbidden&#10;testing&#10;  Extra inputs are not permitted [type=extra_forbidden, input_value=True, input_type=bool]&#10;    For further information visit https://errors.pydantic.dev/2.11/v/extra_forbidden&#10;rate_limit_enabled&#10;  Extra inputs are not permitted [type=extra_forbidden, input_value=True, input_type=bool]&#10;    For further information visit https://errors.pydantic.dev/2.11/v/extra_forbidden&#10;rate_limit_requests_per_minute&#10;  Extra inputs are not permitted [type=extra_forbidden, input_value=100, input_type=int]&#10;    For further information visit https://errors.pydantic.dev/2.11/v/extra_forbidden&#10;cache_enabled&#10;  Extra inputs are not permitted [type=extra_forbidden, input_value=True, input_type=bool]&#10;    For further information visit https://errors.pydantic.dev/2.11/v/extra_forbidden&#10;cache_ttl_seconds&#10;  Extra inputs are not permitted [type=extra_forbidden, input_value=300, input_type=int]&#10;    For further information visit https://errors.pydantic.dev/2.11/v/extra_forbidden&#10;circuit_breaker_enabled&#10;  Extra inputs are not permitted [type=extra_forbidden, input_value=True, input_type=bool]&#10;    For further information visit https://errors.pydantic.dev/2.11/v/extra_forbidden&#10;circuit_breaker_failure_threshold&#10;  Extra inputs are not permitted [type=extra_forbidden, input_value=5, input_type=int]&#10;    For further information visit https://errors.pydantic.dev/2.11/v/extra_forbidden&#10;circuit_breaker_recovery_timeout&#10;  Extra inputs are not permitted [type=extra_forbidden, input_value=60, input_type=int]&#10;    For further information visit https://errors.pydantic.dev/2.11/v/extra_forbidden&#10;admin_ui_enabled&#10;  Extra inputs are not permitted [type=extra_forbidden, input_value=True, input_type=bool]&#10;    For further information visit https://errors.pydantic.dev/2.11/v/extra_forbidden&#10;admin_ui_port&#10;  Extra inputs are not permitted [type=extra_forbidden, input_value=8081, input_type=int]&#10;    For further information visit https://errors.pydantic.dev/2.11/v/extra_forbidden&quot;">tests/conftest.py:42: in test_settings
    return Settings(
.venv/lib/python3.13/site-packages/pydantic_settings/main.py:188: in __init__
    super().__init__(
E   pydantic_core._pydantic_core.ValidationError: 11 validation errors for Settings
E   vector_database_url
E     Extra inputs are not permitted [type=extra_forbidden, input_value='http://localhost:8080', input_type=str]
E       For further information visit https://errors.pydantic.dev/2.11/v/extra_forbidden
E   testing
E     Extra inputs are not permitted [type=extra_forbidden, input_value=True, input_type=bool]
E       For further information visit https://errors.pydantic.dev/2.11/v/extra_forbidden
E   rate_limit_enabled
E     Extra inputs are not permitted [type=extra_forbidden, input_value=True, input_type=bool]
E       For further information visit https://errors.pydantic.dev/2.11/v/extra_forbidden
E   rate_limit_requests_per_minute
E     Extra inputs are not permitted [type=extra_forbidden, input_value=100, input_type=int]
E       For further information visit https://errors.pydantic.dev/2.11/v/extra_forbidden
E   cache_enabled
E     Extra inputs are not permitted [type=extra_forbidden, input_value=True, input_type=bool]
E       For further information visit https://errors.pydantic.dev/2.11/v/extra_forbidden
E   cache_ttl_seconds
E     Extra inputs are not permitted [type=extra_forbidden, input_value=300, input_type=int]
E       For further information visit https://errors.pydantic.dev/2.11/v/extra_forbidden
E   circuit_breaker_enabled
E     Extra inputs are not permitted [type=extra_forbidden, input_value=True, input_type=bool]
E       For further information visit https://errors.pydantic.dev/2.11/v/extra_forbidden
E   circuit_breaker_failure_threshold
E     Extra inputs are not permitted [type=extra_forbidden, input_value=5, input_type=int]
E       For further information visit https://errors.pydantic.dev/2.11/v/extra_forbidden
E   circuit_breaker_recovery_timeout
E     Extra inputs are not permitted [type=extra_forbidden, input_value=60, input_type=int]
E       For further information visit https://errors.pydantic.dev/2.11/v/extra_forbidden
E   admin_ui_enabled
E     Extra inputs are not permitted [type=extra_forbidden, input_value=True, input_type=bool]
E       For further information visit https://errors.pydantic.dev/2.11/v/extra_forbidden
E   admin_ui_port
E     Extra inputs are not permitted [type=extra_forbidden, input_value=8081, input_type=int]
E       For further information visit https://errors.pydantic.dev/2.11/v/extra_forbidden</error></testcase><testcase classname="tests.unit.performance.test_performance.TestPerformanceBenchmarks" name="test_rate_limiter_performance" time="0.000"><error message="failed on setup with &quot;pydantic_core._pydantic_core.ValidationError: 11 validation errors for Settings&#10;vector_database_url&#10;  Extra inputs are not permitted [type=extra_forbidden, input_value='http://localhost:8080', input_type=str]&#10;    For further information visit https://errors.pydantic.dev/2.11/v/extra_forbidden&#10;testing&#10;  Extra inputs are not permitted [type=extra_forbidden, input_value=True, input_type=bool]&#10;    For further information visit https://errors.pydantic.dev/2.11/v/extra_forbidden&#10;rate_limit_enabled&#10;  Extra inputs are not permitted [type=extra_forbidden, input_value=True, input_type=bool]&#10;    For further information visit https://errors.pydantic.dev/2.11/v/extra_forbidden&#10;rate_limit_requests_per_minute&#10;  Extra inputs are not permitted [type=extra_forbidden, input_value=100, input_type=int]&#10;    For further information visit https://errors.pydantic.dev/2.11/v/extra_forbidden&#10;cache_enabled&#10;  Extra inputs are not permitted [type=extra_forbidden, input_value=True, input_type=bool]&#10;    For further information visit https://errors.pydantic.dev/2.11/v/extra_forbidden&#10;cache_ttl_seconds&#10;  Extra inputs are not permitted [type=extra_forbidden, input_value=300, input_type=int]&#10;    For further information visit https://errors.pydantic.dev/2.11/v/extra_forbidden&#10;circuit_breaker_enabled&#10;  Extra inputs are not permitted [type=extra_forbidden, input_value=True, input_type=bool]&#10;    For further information visit https://errors.pydantic.dev/2.11/v/extra_forbidden&#10;circuit_breaker_failure_threshold&#10;  Extra inputs are not permitted [type=extra_forbidden, input_value=5, input_type=int]&#10;    For further information visit https://errors.pydantic.dev/2.11/v/extra_forbidden&#10;circuit_breaker_recovery_timeout&#10;  Extra inputs are not permitted [type=extra_forbidden, input_value=60, input_type=int]&#10;    For further information visit https://errors.pydantic.dev/2.11/v/extra_forbidden&#10;admin_ui_enabled&#10;  Extra inputs are not permitted [type=extra_forbidden, input_value=True, input_type=bool]&#10;    For further information visit https://errors.pydantic.dev/2.11/v/extra_forbidden&#10;admin_ui_port&#10;  Extra inputs are not permitted [type=extra_forbidden, input_value=8081, input_type=int]&#10;    For further information visit https://errors.pydantic.dev/2.11/v/extra_forbidden&quot;">tests/conftest.py:42: in test_settings
    return Settings(
.venv/lib/python3.13/site-packages/pydantic_settings/main.py:188: in __init__
    super().__init__(
E   pydantic_core._pydantic_core.ValidationError: 11 validation errors for Settings
E   vector_database_url
E     Extra inputs are not permitted [type=extra_forbidden, input_value='http://localhost:8080', input_type=str]
E       For further information visit https://errors.pydantic.dev/2.11/v/extra_forbidden
E   testing
E     Extra inputs are not permitted [type=extra_forbidden, input_value=True, input_type=bool]
E       For further information visit https://errors.pydantic.dev/2.11/v/extra_forbidden
E   rate_limit_enabled
E     Extra inputs are not permitted [type=extra_forbidden, input_value=True, input_type=bool]
E       For further information visit https://errors.pydantic.dev/2.11/v/extra_forbidden
E   rate_limit_requests_per_minute
E     Extra inputs are not permitted [type=extra_forbidden, input_value=100, input_type=int]
E       For further information visit https://errors.pydantic.dev/2.11/v/extra_forbidden
E   cache_enabled
E     Extra inputs are not permitted [type=extra_forbidden, input_value=True, input_type=bool]
E       For further information visit https://errors.pydantic.dev/2.11/v/extra_forbidden
E   cache_ttl_seconds
E     Extra inputs are not permitted [type=extra_forbidden, input_value=300, input_type=int]
E       For further information visit https://errors.pydantic.dev/2.11/v/extra_forbidden
E   circuit_breaker_enabled
E     Extra inputs are not permitted [type=extra_forbidden, input_value=True, input_type=bool]
E       For further information visit https://errors.pydantic.dev/2.11/v/extra_forbidden
E   circuit_breaker_failure_threshold
E     Extra inputs are not permitted [type=extra_forbidden, input_value=5, input_type=int]
E       For further information visit https://errors.pydantic.dev/2.11/v/extra_forbidden
E   circuit_breaker_recovery_timeout
E     Extra inputs are not permitted [type=extra_forbidden, input_value=60, input_type=int]
E       For further information visit https://errors.pydantic.dev/2.11/v/extra_forbidden
E   admin_ui_enabled
E     Extra inputs are not permitted [type=extra_forbidden, input_value=True, input_type=bool]
E       For further information visit https://errors.pydantic.dev/2.11/v/extra_forbidden
E   admin_ui_port
E     Extra inputs are not permitted [type=extra_forbidden, input_value=8081, input_type=int]
E       For further information visit https://errors.pydantic.dev/2.11/v/extra_forbidden</error></testcase><testcase classname="tests.unit.performance.test_performance.TestLoadTesting" name="test_concurrent_user_registration" time="0.000"><error message="failed on setup with &quot;pydantic_core._pydantic_core.ValidationError: 11 validation errors for Settings&#10;vector_database_url&#10;  Extra inputs are not permitted [type=extra_forbidden, input_value='http://localhost:8080', input_type=str]&#10;    For further information visit https://errors.pydantic.dev/2.11/v/extra_forbidden&#10;testing&#10;  Extra inputs are not permitted [type=extra_forbidden, input_value=True, input_type=bool]&#10;    For further information visit https://errors.pydantic.dev/2.11/v/extra_forbidden&#10;rate_limit_enabled&#10;  Extra inputs are not permitted [type=extra_forbidden, input_value=True, input_type=bool]&#10;    For further information visit https://errors.pydantic.dev/2.11/v/extra_forbidden&#10;rate_limit_requests_per_minute&#10;  Extra inputs are not permitted [type=extra_forbidden, input_value=100, input_type=int]&#10;    For further information visit https://errors.pydantic.dev/2.11/v/extra_forbidden&#10;cache_enabled&#10;  Extra inputs are not permitted [type=extra_forbidden, input_value=True, input_type=bool]&#10;    For further information visit https://errors.pydantic.dev/2.11/v/extra_forbidden&#10;cache_ttl_seconds&#10;  Extra inputs are not permitted [type=extra_forbidden, input_value=300, input_type=int]&#10;    For further information visit https://errors.pydantic.dev/2.11/v/extra_forbidden&#10;circuit_breaker_enabled&#10;  Extra inputs are not permitted [type=extra_forbidden, input_value=True, input_type=bool]&#10;    For further information visit https://errors.pydantic.dev/2.11/v/extra_forbidden&#10;circuit_breaker_failure_threshold&#10;  Extra inputs are not permitted [type=extra_forbidden, input_value=5, input_type=int]&#10;    For further information visit https://errors.pydantic.dev/2.11/v/extra_forbidden&#10;circuit_breaker_recovery_timeout&#10;  Extra inputs are not permitted [type=extra_forbidden, input_value=60, input_type=int]&#10;    For further information visit https://errors.pydantic.dev/2.11/v/extra_forbidden&#10;admin_ui_enabled&#10;  Extra inputs are not permitted [type=extra_forbidden, input_value=True, input_type=bool]&#10;    For further information visit https://errors.pydantic.dev/2.11/v/extra_forbidden&#10;admin_ui_port&#10;  Extra inputs are not permitted [type=extra_forbidden, input_value=8081, input_type=int]&#10;    For further information visit https://errors.pydantic.dev/2.11/v/extra_forbidden&quot;">tests/conftest.py:42: in test_settings
    return Settings(
.venv/lib/python3.13/site-packages/pydantic_settings/main.py:188: in __init__
    super().__init__(
E   pydantic_core._pydantic_core.ValidationError: 11 validation errors for Settings
E   vector_database_url
E     Extra inputs are not permitted [type=extra_forbidden, input_value='http://localhost:8080', input_type=str]
E       For further information visit https://errors.pydantic.dev/2.11/v/extra_forbidden
E   testing
E     Extra inputs are not permitted [type=extra_forbidden, input_value=True, input_type=bool]
E       For further information visit https://errors.pydantic.dev/2.11/v/extra_forbidden
E   rate_limit_enabled
E     Extra inputs are not permitted [type=extra_forbidden, input_value=True, input_type=bool]
E       For further information visit https://errors.pydantic.dev/2.11/v/extra_forbidden
E   rate_limit_requests_per_minute
E     Extra inputs are not permitted [type=extra_forbidden, input_value=100, input_type=int]
E       For further information visit https://errors.pydantic.dev/2.11/v/extra_forbidden
E   cache_enabled
E     Extra inputs are not permitted [type=extra_forbidden, input_value=True, input_type=bool]
E       For further information visit https://errors.pydantic.dev/2.11/v/extra_forbidden
E   cache_ttl_seconds
E     Extra inputs are not permitted [type=extra_forbidden, input_value=300, input_type=int]
E       For further information visit https://errors.pydantic.dev/2.11/v/extra_forbidden
E   circuit_breaker_enabled
E     Extra inputs are not permitted [type=extra_forbidden, input_value=True, input_type=bool]
E       For further information visit https://errors.pydantic.dev/2.11/v/extra_forbidden
E   circuit_breaker_failure_threshold
E     Extra inputs are not permitted [type=extra_forbidden, input_value=5, input_type=int]
E       For further information visit https://errors.pydantic.dev/2.11/v/extra_forbidden
E   circuit_breaker_recovery_timeout
E     Extra inputs are not permitted [type=extra_forbidden, input_value=60, input_type=int]
E       For further information visit https://errors.pydantic.dev/2.11/v/extra_forbidden
E   admin_ui_enabled
E     Extra inputs are not permitted [type=extra_forbidden, input_value=True, input_type=bool]
E       For further information visit https://errors.pydantic.dev/2.11/v/extra_forbidden
E   admin_ui_port
E     Extra inputs are not permitted [type=extra_forbidden, input_value=8081, input_type=int]
E       For further information visit https://errors.pydantic.dev/2.11/v/extra_forbidden</error></testcase><testcase classname="tests.unit.performance.test_performance.TestLoadTesting" name="test_concurrent_tool_registration" time="0.000"><error message="failed on setup with &quot;pydantic_core._pydantic_core.ValidationError: 11 validation errors for Settings&#10;vector_database_url&#10;  Extra inputs are not permitted [type=extra_forbidden, input_value='http://localhost:8080', input_type=str]&#10;    For further information visit https://errors.pydantic.dev/2.11/v/extra_forbidden&#10;testing&#10;  Extra inputs are not permitted [type=extra_forbidden, input_value=True, input_type=bool]&#10;    For further information visit https://errors.pydantic.dev/2.11/v/extra_forbidden&#10;rate_limit_enabled&#10;  Extra inputs are not permitted [type=extra_forbidden, input_value=True, input_type=bool]&#10;    For further information visit https://errors.pydantic.dev/2.11/v/extra_forbidden&#10;rate_limit_requests_per_minute&#10;  Extra inputs are not permitted [type=extra_forbidden, input_value=100, input_type=int]&#10;    For further information visit https://errors.pydantic.dev/2.11/v/extra_forbidden&#10;cache_enabled&#10;  Extra inputs are not permitted [type=extra_forbidden, input_value=True, input_type=bool]&#10;    For further information visit https://errors.pydantic.dev/2.11/v/extra_forbidden&#10;cache_ttl_seconds&#10;  Extra inputs are not permitted [type=extra_forbidden, input_value=300, input_type=int]&#10;    For further information visit https://errors.pydantic.dev/2.11/v/extra_forbidden&#10;circuit_breaker_enabled&#10;  Extra inputs are not permitted [type=extra_forbidden, input_value=True, input_type=bool]&#10;    For further information visit https://errors.pydantic.dev/2.11/v/extra_forbidden&#10;circuit_breaker_failure_threshold&#10;  Extra inputs are not permitted [type=extra_forbidden, input_value=5, input_type=int]&#10;    For further information visit https://errors.pydantic.dev/2.11/v/extra_forbidden&#10;circuit_breaker_recovery_timeout&#10;  Extra inputs are not permitted [type=extra_forbidden, input_value=60, input_type=int]&#10;    For further information visit https://errors.pydantic.dev/2.11/v/extra_forbidden&#10;admin_ui_enabled&#10;  Extra inputs are not permitted [type=extra_forbidden, input_value=True, input_type=bool]&#10;    For further information visit https://errors.pydantic.dev/2.11/v/extra_forbidden&#10;admin_ui_port&#10;  Extra inputs are not permitted [type=extra_forbidden, input_value=8081, input_type=int]&#10;    For further information visit https://errors.pydantic.dev/2.11/v/extra_forbidden&quot;">tests/conftest.py:42: in test_settings
    return Settings(
.venv/lib/python3.13/site-packages/pydantic_settings/main.py:188: in __init__
    super().__init__(
E   pydantic_core._pydantic_core.ValidationError: 11 validation errors for Settings
E   vector_database_url
E     Extra inputs are not permitted [type=extra_forbidden, input_value='http://localhost:8080', input_type=str]
E       For further information visit https://errors.pydantic.dev/2.11/v/extra_forbidden
E   testing
E     Extra inputs are not permitted [type=extra_forbidden, input_value=True, input_type=bool]
E       For further information visit https://errors.pydantic.dev/2.11/v/extra_forbidden
E   rate_limit_enabled
E     Extra inputs are not permitted [type=extra_forbidden, input_value=True, input_type=bool]
E       For further information visit https://errors.pydantic.dev/2.11/v/extra_forbidden
E   rate_limit_requests_per_minute
E     Extra inputs are not permitted [type=extra_forbidden, input_value=100, input_type=int]
E       For further information visit https://errors.pydantic.dev/2.11/v/extra_forbidden
E   cache_enabled
E     Extra inputs are not permitted [type=extra_forbidden, input_value=True, input_type=bool]
E       For further information visit https://errors.pydantic.dev/2.11/v/extra_forbidden
E   cache_ttl_seconds
E     Extra inputs are not permitted [type=extra_forbidden, input_value=300, input_type=int]
E       For further information visit https://errors.pydantic.dev/2.11/v/extra_forbidden
E   circuit_breaker_enabled
E     Extra inputs are not permitted [type=extra_forbidden, input_value=True, input_type=bool]
E       For further information visit https://errors.pydantic.dev/2.11/v/extra_forbidden
E   circuit_breaker_failure_threshold
E     Extra inputs are not permitted [type=extra_forbidden, input_value=5, input_type=int]
E       For further information visit https://errors.pydantic.dev/2.11/v/extra_forbidden
E   circuit_breaker_recovery_timeout
E     Extra inputs are not permitted [type=extra_forbidden, input_value=60, input_type=int]
E       For further information visit https://errors.pydantic.dev/2.11/v/extra_forbidden
E   admin_ui_enabled
E     Extra inputs are not permitted [type=extra_forbidden, input_value=True, input_type=bool]
E       For further information visit https://errors.pydantic.dev/2.11/v/extra_forbidden
E   admin_ui_port
E     Extra inputs are not permitted [type=extra_forbidden, input_value=8081, input_type=int]
E       For further information visit https://errors.pydantic.dev/2.11/v/extra_forbidden</error></testcase><testcase classname="tests.unit.performance.test_performance.TestLoadTesting" name="test_concurrent_search_operations" time="0.000"><error message="failed on setup with &quot;pydantic_core._pydantic_core.ValidationError: 11 validation errors for Settings&#10;vector_database_url&#10;  Extra inputs are not permitted [type=extra_forbidden, input_value='http://localhost:8080', input_type=str]&#10;    For further information visit https://errors.pydantic.dev/2.11/v/extra_forbidden&#10;testing&#10;  Extra inputs are not permitted [type=extra_forbidden, input_value=True, input_type=bool]&#10;    For further information visit https://errors.pydantic.dev/2.11/v/extra_forbidden&#10;rate_limit_enabled&#10;  Extra inputs are not permitted [type=extra_forbidden, input_value=True, input_type=bool]&#10;    For further information visit https://errors.pydantic.dev/2.11/v/extra_forbidden&#10;rate_limit_requests_per_minute&#10;  Extra inputs are not permitted [type=extra_forbidden, input_value=100, input_type=int]&#10;    For further information visit https://errors.pydantic.dev/2.11/v/extra_forbidden&#10;cache_enabled&#10;  Extra inputs are not permitted [type=extra_forbidden, input_value=True, input_type=bool]&#10;    For further information visit https://errors.pydantic.dev/2.11/v/extra_forbidden&#10;cache_ttl_seconds&#10;  Extra inputs are not permitted [type=extra_forbidden, input_value=300, input_type=int]&#10;    For further information visit https://errors.pydantic.dev/2.11/v/extra_forbidden&#10;circuit_breaker_enabled&#10;  Extra inputs are not permitted [type=extra_forbidden, input_value=True, input_type=bool]&#10;    For further information visit https://errors.pydantic.dev/2.11/v/extra_forbidden&#10;circuit_breaker_failure_threshold&#10;  Extra inputs are not permitted [type=extra_forbidden, input_value=5, input_type=int]&#10;    For further information visit https://errors.pydantic.dev/2.11/v/extra_forbidden&#10;circuit_breaker_recovery_timeout&#10;  Extra inputs are not permitted [type=extra_forbidden, input_value=60, input_type=int]&#10;    For further information visit https://errors.pydantic.dev/2.11/v/extra_forbidden&#10;admin_ui_enabled&#10;  Extra inputs are not permitted [type=extra_forbidden, input_value=True, input_type=bool]&#10;    For further information visit https://errors.pydantic.dev/2.11/v/extra_forbidden&#10;admin_ui_port&#10;  Extra inputs are not permitted [type=extra_forbidden, input_value=8081, input_type=int]&#10;    For further information visit https://errors.pydantic.dev/2.11/v/extra_forbidden&quot;">tests/conftest.py:42: in test_settings
    return Settings(
.venv/lib/python3.13/site-packages/pydantic_settings/main.py:188: in __init__
    super().__init__(
E   pydantic_core._pydantic_core.ValidationError: 11 validation errors for Settings
E   vector_database_url
E     Extra inputs are not permitted [type=extra_forbidden, input_value='http://localhost:8080', input_type=str]
E       For further information visit https://errors.pydantic.dev/2.11/v/extra_forbidden
E   testing
E     Extra inputs are not permitted [type=extra_forbidden, input_value=True, input_type=bool]
E       For further information visit https://errors.pydantic.dev/2.11/v/extra_forbidden
E   rate_limit_enabled
E     Extra inputs are not permitted [type=extra_forbidden, input_value=True, input_type=bool]
E       For further information visit https://errors.pydantic.dev/2.11/v/extra_forbidden
E   rate_limit_requests_per_minute
E     Extra inputs are not permitted [type=extra_forbidden, input_value=100, input_type=int]
E       For further information visit https://errors.pydantic.dev/2.11/v/extra_forbidden
E   cache_enabled
E     Extra inputs are not permitted [type=extra_forbidden, input_value=True, input_type=bool]
E       For further information visit https://errors.pydantic.dev/2.11/v/extra_forbidden
E   cache_ttl_seconds
E     Extra inputs are not permitted [type=extra_forbidden, input_value=300, input_type=int]
E       For further information visit https://errors.pydantic.dev/2.11/v/extra_forbidden
E   circuit_breaker_enabled
E     Extra inputs are not permitted [type=extra_forbidden, input_value=True, input_type=bool]
E       For further information visit https://errors.pydantic.dev/2.11/v/extra_forbidden
E   circuit_breaker_failure_threshold
E     Extra inputs are not permitted [type=extra_forbidden, input_value=5, input_type=int]
E       For further information visit https://errors.pydantic.dev/2.11/v/extra_forbidden
E   circuit_breaker_recovery_timeout
E     Extra inputs are not permitted [type=extra_forbidden, input_value=60, input_type=int]
E       For further information visit https://errors.pydantic.dev/2.11/v/extra_forbidden
E   admin_ui_enabled
E     Extra inputs are not permitted [type=extra_forbidden, input_value=True, input_type=bool]
E       For further information visit https://errors.pydantic.dev/2.11/v/extra_forbidden
E   admin_ui_port
E     Extra inputs are not permitted [type=extra_forbidden, input_value=8081, input_type=int]
E       For further information visit https://errors.pydantic.dev/2.11/v/extra_forbidden</error></testcase><testcase classname="tests.unit.performance.test_performance.TestStressTesting" name="test_memory_usage_under_load" time="0.000"><error message="failed on setup with &quot;pydantic_core._pydantic_core.ValidationError: 11 validation errors for Settings&#10;vector_database_url&#10;  Extra inputs are not permitted [type=extra_forbidden, input_value='http://localhost:8080', input_type=str]&#10;    For further information visit https://errors.pydantic.dev/2.11/v/extra_forbidden&#10;testing&#10;  Extra inputs are not permitted [type=extra_forbidden, input_value=True, input_type=bool]&#10;    For further information visit https://errors.pydantic.dev/2.11/v/extra_forbidden&#10;rate_limit_enabled&#10;  Extra inputs are not permitted [type=extra_forbidden, input_value=True, input_type=bool]&#10;    For further information visit https://errors.pydantic.dev/2.11/v/extra_forbidden&#10;rate_limit_requests_per_minute&#10;  Extra inputs are not permitted [type=extra_forbidden, input_value=100, input_type=int]&#10;    For further information visit https://errors.pydantic.dev/2.11/v/extra_forbidden&#10;cache_enabled&#10;  Extra inputs are not permitted [type=extra_forbidden, input_value=True, input_type=bool]&#10;    For further information visit https://errors.pydantic.dev/2.11/v/extra_forbidden&#10;cache_ttl_seconds&#10;  Extra inputs are not permitted [type=extra_forbidden, input_value=300, input_type=int]&#10;    For further information visit https://errors.pydantic.dev/2.11/v/extra_forbidden&#10;circuit_breaker_enabled&#10;  Extra inputs are not permitted [type=extra_forbidden, input_value=True, input_type=bool]&#10;    For further information visit https://errors.pydantic.dev/2.11/v/extra_forbidden&#10;circuit_breaker_failure_threshold&#10;  Extra inputs are not permitted [type=extra_forbidden, input_value=5, input_type=int]&#10;    For further information visit https://errors.pydantic.dev/2.11/v/extra_forbidden&#10;circuit_breaker_recovery_timeout&#10;  Extra inputs are not permitted [type=extra_forbidden, input_value=60, input_type=int]&#10;    For further information visit https://errors.pydantic.dev/2.11/v/extra_forbidden&#10;admin_ui_enabled&#10;  Extra inputs are not permitted [type=extra_forbidden, input_value=True, input_type=bool]&#10;    For further information visit https://errors.pydantic.dev/2.11/v/extra_forbidden&#10;admin_ui_port&#10;  Extra inputs are not permitted [type=extra_forbidden, input_value=8081, input_type=int]&#10;    For further information visit https://errors.pydantic.dev/2.11/v/extra_forbidden&quot;">tests/conftest.py:42: in test_settings
    return Settings(
.venv/lib/python3.13/site-packages/pydantic_settings/main.py:188: in __init__
    super().__init__(
E   pydantic_core._pydantic_core.ValidationError: 11 validation errors for Settings
E   vector_database_url
E     Extra inputs are not permitted [type=extra_forbidden, input_value='http://localhost:8080', input_type=str]
E       For further information visit https://errors.pydantic.dev/2.11/v/extra_forbidden
E   testing
E     Extra inputs are not permitted [type=extra_forbidden, input_value=True, input_type=bool]
E       For further information visit https://errors.pydantic.dev/2.11/v/extra_forbidden
E   rate_limit_enabled
E     Extra inputs are not permitted [type=extra_forbidden, input_value=True, input_type=bool]
E       For further information visit https://errors.pydantic.dev/2.11/v/extra_forbidden
E   rate_limit_requests_per_minute
E     Extra inputs are not permitted [type=extra_forbidden, input_value=100, input_type=int]
E       For further information visit https://errors.pydantic.dev/2.11/v/extra_forbidden
E   cache_enabled
E     Extra inputs are not permitted [type=extra_forbidden, input_value=True, input_type=bool]
E       For further information visit https://errors.pydantic.dev/2.11/v/extra_forbidden
E   cache_ttl_seconds
E     Extra inputs are not permitted [type=extra_forbidden, input_value=300, input_type=int]
E       For further information visit https://errors.pydantic.dev/2.11/v/extra_forbidden
E   circuit_breaker_enabled
E     Extra inputs are not permitted [type=extra_forbidden, input_value=True, input_type=bool]
E       For further information visit https://errors.pydantic.dev/2.11/v/extra_forbidden
E   circuit_breaker_failure_threshold
E     Extra inputs are not permitted [type=extra_forbidden, input_value=5, input_type=int]
E       For further information visit https://errors.pydantic.dev/2.11/v/extra_forbidden
E   circuit_breaker_recovery_timeout
E     Extra inputs are not permitted [type=extra_forbidden, input_value=60, input_type=int]
E       For further information visit https://errors.pydantic.dev/2.11/v/extra_forbidden
E   admin_ui_enabled
E     Extra inputs are not permitted [type=extra_forbidden, input_value=True, input_type=bool]
E       For further information visit https://errors.pydantic.dev/2.11/v/extra_forbidden
E   admin_ui_port
E     Extra inputs are not permitted [type=extra_forbidden, input_value=8081, input_type=int]
E       For further information visit https://errors.pydantic.dev/2.11/v/extra_forbidden</error></testcase><testcase classname="tests.unit.performance.test_performance.TestStressTesting" name="test_cpu_usage_under_load" time="0.000"><error message="failed on setup with &quot;pydantic_core._pydantic_core.ValidationError: 11 validation errors for Settings&#10;vector_database_url&#10;  Extra inputs are not permitted [type=extra_forbidden, input_value='http://localhost:8080', input_type=str]&#10;    For further information visit https://errors.pydantic.dev/2.11/v/extra_forbidden&#10;testing&#10;  Extra inputs are not permitted [type=extra_forbidden, input_value=True, input_type=bool]&#10;    For further information visit https://errors.pydantic.dev/2.11/v/extra_forbidden&#10;rate_limit_enabled&#10;  Extra inputs are not permitted [type=extra_forbidden, input_value=True, input_type=bool]&#10;    For further information visit https://errors.pydantic.dev/2.11/v/extra_forbidden&#10;rate_limit_requests_per_minute&#10;  Extra inputs are not permitted [type=extra_forbidden, input_value=100, input_type=int]&#10;    For further information visit https://errors.pydantic.dev/2.11/v/extra_forbidden&#10;cache_enabled&#10;  Extra inputs are not permitted [type=extra_forbidden, input_value=True, input_type=bool]&#10;    For further information visit https://errors.pydantic.dev/2.11/v/extra_forbidden&#10;cache_ttl_seconds&#10;  Extra inputs are not permitted [type=extra_forbidden, input_value=300, input_type=int]&#10;    For further information visit https://errors.pydantic.dev/2.11/v/extra_forbidden&#10;circuit_breaker_enabled&#10;  Extra inputs are not permitted [type=extra_forbidden, input_value=True, input_type=bool]&#10;    For further information visit https://errors.pydantic.dev/2.11/v/extra_forbidden&#10;circuit_breaker_failure_threshold&#10;  Extra inputs are not permitted [type=extra_forbidden, input_value=5, input_type=int]&#10;    For further information visit https://errors.pydantic.dev/2.11/v/extra_forbidden&#10;circuit_breaker_recovery_timeout&#10;  Extra inputs are not permitted [type=extra_forbidden, input_value=60, input_type=int]&#10;    For further information visit https://errors.pydantic.dev/2.11/v/extra_forbidden&#10;admin_ui_enabled&#10;  Extra inputs are not permitted [type=extra_forbidden, input_value=True, input_type=bool]&#10;    For further information visit https://errors.pydantic.dev/2.11/v/extra_forbidden&#10;admin_ui_port&#10;  Extra inputs are not permitted [type=extra_forbidden, input_value=8081, input_type=int]&#10;    For further information visit https://errors.pydantic.dev/2.11/v/extra_forbidden&quot;">tests/conftest.py:42: in test_settings
    return Settings(
.venv/lib/python3.13/site-packages/pydantic_settings/main.py:188: in __init__
    super().__init__(
E   pydantic_core._pydantic_core.ValidationError: 11 validation errors for Settings
E   vector_database_url
E     Extra inputs are not permitted [type=extra_forbidden, input_value='http://localhost:8080', input_type=str]
E       For further information visit https://errors.pydantic.dev/2.11/v/extra_forbidden
E   testing
E     Extra inputs are not permitted [type=extra_forbidden, input_value=True, input_type=bool]
E       For further information visit https://errors.pydantic.dev/2.11/v/extra_forbidden
E   rate_limit_enabled
E     Extra inputs are not permitted [type=extra_forbidden, input_value=True, input_type=bool]
E       For further information visit https://errors.pydantic.dev/2.11/v/extra_forbidden
E   rate_limit_requests_per_minute
E     Extra inputs are not permitted [type=extra_forbidden, input_value=100, input_type=int]
E       For further information visit https://errors.pydantic.dev/2.11/v/extra_forbidden
E   cache_enabled
E     Extra inputs are not permitted [type=extra_forbidden, input_value=True, input_type=bool]
E       For further information visit https://errors.pydantic.dev/2.11/v/extra_forbidden
E   cache_ttl_seconds
E     Extra inputs are not permitted [type=extra_forbidden, input_value=300, input_type=int]
E       For further information visit https://errors.pydantic.dev/2.11/v/extra_forbidden
E   circuit_breaker_enabled
E     Extra inputs are not permitted [type=extra_forbidden, input_value=True, input_type=bool]
E       For further information visit https://errors.pydantic.dev/2.11/v/extra_forbidden
E   circuit_breaker_failure_threshold
E     Extra inputs are not permitted [type=extra_forbidden, input_value=5, input_type=int]
E       For further information visit https://errors.pydantic.dev/2.11/v/extra_forbidden
E   circuit_breaker_recovery_timeout
E     Extra inputs are not permitted [type=extra_forbidden, input_value=60, input_type=int]
E       For further information visit https://errors.pydantic.dev/2.11/v/extra_forbidden
E   admin_ui_enabled
E     Extra inputs are not permitted [type=extra_forbidden, input_value=True, input_type=bool]
E       For further information visit https://errors.pydantic.dev/2.11/v/extra_forbidden
E   admin_ui_port
E     Extra inputs are not permitted [type=extra_forbidden, input_value=8081, input_type=int]
E       For further information visit https://errors.pydantic.dev/2.11/v/extra_forbidden</error></testcase><testcase classname="tests.unit.performance.test_performance.TestPerformanceRegression" name="test_authentication_benchmark" time="0.000"><error message="failed on setup with &quot;pydantic_core._pydantic_core.ValidationError: 11 validation errors for Settings&#10;vector_database_url&#10;  Extra inputs are not permitted [type=extra_forbidden, input_value='http://localhost:8080', input_type=str]&#10;    For further information visit https://errors.pydantic.dev/2.11/v/extra_forbidden&#10;testing&#10;  Extra inputs are not permitted [type=extra_forbidden, input_value=True, input_type=bool]&#10;    For further information visit https://errors.pydantic.dev/2.11/v/extra_forbidden&#10;rate_limit_enabled&#10;  Extra inputs are not permitted [type=extra_forbidden, input_value=True, input_type=bool]&#10;    For further information visit https://errors.pydantic.dev/2.11/v/extra_forbidden&#10;rate_limit_requests_per_minute&#10;  Extra inputs are not permitted [type=extra_forbidden, input_value=100, input_type=int]&#10;    For further information visit https://errors.pydantic.dev/2.11/v/extra_forbidden&#10;cache_enabled&#10;  Extra inputs are not permitted [type=extra_forbidden, input_value=True, input_type=bool]&#10;    For further information visit https://errors.pydantic.dev/2.11/v/extra_forbidden&#10;cache_ttl_seconds&#10;  Extra inputs are not permitted [type=extra_forbidden, input_value=300, input_type=int]&#10;    For further information visit https://errors.pydantic.dev/2.11/v/extra_forbidden&#10;circuit_breaker_enabled&#10;  Extra inputs are not permitted [type=extra_forbidden, input_value=True, input_type=bool]&#10;    For further information visit https://errors.pydantic.dev/2.11/v/extra_forbidden&#10;circuit_breaker_failure_threshold&#10;  Extra inputs are not permitted [type=extra_forbidden, input_value=5, input_type=int]&#10;    For further information visit https://errors.pydantic.dev/2.11/v/extra_forbidden&#10;circuit_breaker_recovery_timeout&#10;  Extra inputs are not permitted [type=extra_forbidden, input_value=60, input_type=int]&#10;    For further information visit https://errors.pydantic.dev/2.11/v/extra_forbidden&#10;admin_ui_enabled&#10;  Extra inputs are not permitted [type=extra_forbidden, input_value=True, input_type=bool]&#10;    For further information visit https://errors.pydantic.dev/2.11/v/extra_forbidden&#10;admin_ui_port&#10;  Extra inputs are not permitted [type=extra_forbidden, input_value=8081, input_type=int]&#10;    For further information visit https://errors.pydantic.dev/2.11/v/extra_forbidden&quot;">tests/conftest.py:42: in test_settings
    return Settings(
.venv/lib/python3.13/site-packages/pydantic_settings/main.py:188: in __init__
    super().__init__(
E   pydantic_core._pydantic_core.ValidationError: 11 validation errors for Settings
E   vector_database_url
E     Extra inputs are not permitted [type=extra_forbidden, input_value='http://localhost:8080', input_type=str]
E       For further information visit https://errors.pydantic.dev/2.11/v/extra_forbidden
E   testing
E     Extra inputs are not permitted [type=extra_forbidden, input_value=True, input_type=bool]
E       For further information visit https://errors.pydantic.dev/2.11/v/extra_forbidden
E   rate_limit_enabled
E     Extra inputs are not permitted [type=extra_forbidden, input_value=True, input_type=bool]
E       For further information visit https://errors.pydantic.dev/2.11/v/extra_forbidden
E   rate_limit_requests_per_minute
E     Extra inputs are not permitted [type=extra_forbidden, input_value=100, input_type=int]
E       For further information visit https://errors.pydantic.dev/2.11/v/extra_forbidden
E   cache_enabled
E     Extra inputs are not permitted [type=extra_forbidden, input_value=True, input_type=bool]
E       For further information visit https://errors.pydantic.dev/2.11/v/extra_forbidden
E   cache_ttl_seconds
E     Extra inputs are not permitted [type=extra_forbidden, input_value=300, input_type=int]
E       For further information visit https://errors.pydantic.dev/2.11/v/extra_forbidden
E   circuit_breaker_enabled
E     Extra inputs are not permitted [type=extra_forbidden, input_value=True, input_type=bool]
E       For further information visit https://errors.pydantic.dev/2.11/v/extra_forbidden
E   circuit_breaker_failure_threshold
E     Extra inputs are not permitted [type=extra_forbidden, input_value=5, input_type=int]
E       For further information visit https://errors.pydantic.dev/2.11/v/extra_forbidden
E   circuit_breaker_recovery_timeout
E     Extra inputs are not permitted [type=extra_forbidden, input_value=60, input_type=int]
E       For further information visit https://errors.pydantic.dev/2.11/v/extra_forbidden
E   admin_ui_enabled
E     Extra inputs are not permitted [type=extra_forbidden, input_value=True, input_type=bool]
E       For further information visit https://errors.pydantic.dev/2.11/v/extra_forbidden
E   admin_ui_port
E     Extra inputs are not permitted [type=extra_forbidden, input_value=8081, input_type=int]
E       For further information visit https://errors.pydantic.dev/2.11/v/extra_forbidden</error></testcase><testcase classname="tests.unit.performance.test_performance.TestPerformanceRegression" name="test_tool_operations_benchmark" time="0.000"><error message="failed on setup with &quot;pydantic_core._pydantic_core.ValidationError: 11 validation errors for Settings&#10;vector_database_url&#10;  Extra inputs are not permitted [type=extra_forbidden, input_value='http://localhost:8080', input_type=str]&#10;    For further information visit https://errors.pydantic.dev/2.11/v/extra_forbidden&#10;testing&#10;  Extra inputs are not permitted [type=extra_forbidden, input_value=True, input_type=bool]&#10;    For further information visit https://errors.pydantic.dev/2.11/v/extra_forbidden&#10;rate_limit_enabled&#10;  Extra inputs are not permitted [type=extra_forbidden, input_value=True, input_type=bool]&#10;    For further information visit https://errors.pydantic.dev/2.11/v/extra_forbidden&#10;rate_limit_requests_per_minute&#10;  Extra inputs are not permitted [type=extra_forbidden, input_value=100, input_type=int]&#10;    For further information visit https://errors.pydantic.dev/2.11/v/extra_forbidden&#10;cache_enabled&#10;  Extra inputs are not permitted [type=extra_forbidden, input_value=True, input_type=bool]&#10;    For further information visit https://errors.pydantic.dev/2.11/v/extra_forbidden&#10;cache_ttl_seconds&#10;  Extra inputs are not permitted [type=extra_forbidden, input_value=300, input_type=int]&#10;    For further information visit https://errors.pydantic.dev/2.11/v/extra_forbidden&#10;circuit_breaker_enabled&#10;  Extra inputs are not permitted [type=extra_forbidden, input_value=True, input_type=bool]&#10;    For further information visit https://errors.pydantic.dev/2.11/v/extra_forbidden&#10;circuit_breaker_failure_threshold&#10;  Extra inputs are not permitted [type=extra_forbidden, input_value=5, input_type=int]&#10;    For further information visit https://errors.pydantic.dev/2.11/v/extra_forbidden&#10;circuit_breaker_recovery_timeout&#10;  Extra inputs are not permitted [type=extra_forbidden, input_value=60, input_type=int]&#10;    For further information visit https://errors.pydantic.dev/2.11/v/extra_forbidden&#10;admin_ui_enabled&#10;  Extra inputs are not permitted [type=extra_forbidden, input_value=True, input_type=bool]&#10;    For further information visit https://errors.pydantic.dev/2.11/v/extra_forbidden&#10;admin_ui_port&#10;  Extra inputs are not permitted [type=extra_forbidden, input_value=8081, input_type=int]&#10;    For further information visit https://errors.pydantic.dev/2.11/v/extra_forbidden&quot;">tests/conftest.py:42: in test_settings
    return Settings(
.venv/lib/python3.13/site-packages/pydantic_settings/main.py:188: in __init__
    super().__init__(
E   pydantic_core._pydantic_core.ValidationError: 11 validation errors for Settings
E   vector_database_url
E     Extra inputs are not permitted [type=extra_forbidden, input_value='http://localhost:8080', input_type=str]
E       For further information visit https://errors.pydantic.dev/2.11/v/extra_forbidden
E   testing
E     Extra inputs are not permitted [type=extra_forbidden, input_value=True, input_type=bool]
E       For further information visit https://errors.pydantic.dev/2.11/v/extra_forbidden
E   rate_limit_enabled
E     Extra inputs are not permitted [type=extra_forbidden, input_value=True, input_type=bool]
E       For further information visit https://errors.pydantic.dev/2.11/v/extra_forbidden
E   rate_limit_requests_per_minute
E     Extra inputs are not permitted [type=extra_forbidden, input_value=100, input_type=int]
E       For further information visit https://errors.pydantic.dev/2.11/v/extra_forbidden
E   cache_enabled
E     Extra inputs are not permitted [type=extra_forbidden, input_value=True, input_type=bool]
E       For further information visit https://errors.pydantic.dev/2.11/v/extra_forbidden
E   cache_ttl_seconds
E     Extra inputs are not permitted [type=extra_forbidden, input_value=300, input_type=int]
E       For further information visit https://errors.pydantic.dev/2.11/v/extra_forbidden
E   circuit_breaker_enabled
E     Extra inputs are not permitted [type=extra_forbidden, input_value=True, input_type=bool]
E       For further information visit https://errors.pydantic.dev/2.11/v/extra_forbidden
E   circuit_breaker_failure_threshold
E     Extra inputs are not permitted [type=extra_forbidden, input_value=5, input_type=int]
E       For further information visit https://errors.pydantic.dev/2.11/v/extra_forbidden
E   circuit_breaker_recovery_timeout
E     Extra inputs are not permitted [type=extra_forbidden, input_value=60, input_type=int]
E       For further information visit https://errors.pydantic.dev/2.11/v/extra_forbidden
E   admin_ui_enabled
E     Extra inputs are not permitted [type=extra_forbidden, input_value=True, input_type=bool]
E       For further information visit https://errors.pydantic.dev/2.11/v/extra_forbidden
E   admin_ui_port
E     Extra inputs are not permitted [type=extra_forbidden, input_value=8081, input_type=int]
E       For further information visit https://errors.pydantic.dev/2.11/v/extra_forbidden</error></testcase><testcase classname="tests.unit.performance.test_performance.TestResourceMonitoring" name="test_memory_leak_detection" time="0.000"><error message="failed on setup with &quot;pydantic_core._pydantic_core.ValidationError: 11 validation errors for Settings&#10;vector_database_url&#10;  Extra inputs are not permitted [type=extra_forbidden, input_value='http://localhost:8080', input_type=str]&#10;    For further information visit https://errors.pydantic.dev/2.11/v/extra_forbidden&#10;testing&#10;  Extra inputs are not permitted [type=extra_forbidden, input_value=True, input_type=bool]&#10;    For further information visit https://errors.pydantic.dev/2.11/v/extra_forbidden&#10;rate_limit_enabled&#10;  Extra inputs are not permitted [type=extra_forbidden, input_value=True, input_type=bool]&#10;    For further information visit https://errors.pydantic.dev/2.11/v/extra_forbidden&#10;rate_limit_requests_per_minute&#10;  Extra inputs are not permitted [type=extra_forbidden, input_value=100, input_type=int]&#10;    For further information visit https://errors.pydantic.dev/2.11/v/extra_forbidden&#10;cache_enabled&#10;  Extra inputs are not permitted [type=extra_forbidden, input_value=True, input_type=bool]&#10;    For further information visit https://errors.pydantic.dev/2.11/v/extra_forbidden&#10;cache_ttl_seconds&#10;  Extra inputs are not permitted [type=extra_forbidden, input_value=300, input_type=int]&#10;    For further information visit https://errors.pydantic.dev/2.11/v/extra_forbidden&#10;circuit_breaker_enabled&#10;  Extra inputs are not permitted [type=extra_forbidden, input_value=True, input_type=bool]&#10;    For further information visit https://errors.pydantic.dev/2.11/v/extra_forbidden&#10;circuit_breaker_failure_threshold&#10;  Extra inputs are not permitted [type=extra_forbidden, input_value=5, input_type=int]&#10;    For further information visit https://errors.pydantic.dev/2.11/v/extra_forbidden&#10;circuit_breaker_recovery_timeout&#10;  Extra inputs are not permitted [type=extra_forbidden, input_value=60, input_type=int]&#10;    For further information visit https://errors.pydantic.dev/2.11/v/extra_forbidden&#10;admin_ui_enabled&#10;  Extra inputs are not permitted [type=extra_forbidden, input_value=True, input_type=bool]&#10;    For further information visit https://errors.pydantic.dev/2.11/v/extra_forbidden&#10;admin_ui_port&#10;  Extra inputs are not permitted [type=extra_forbidden, input_value=8081, input_type=int]&#10;    For further information visit https://errors.pydantic.dev/2.11/v/extra_forbidden&quot;">tests/conftest.py:42: in test_settings
    return Settings(
.venv/lib/python3.13/site-packages/pydantic_settings/main.py:188: in __init__
    super().__init__(
E   pydantic_core._pydantic_core.ValidationError: 11 validation errors for Settings
E   vector_database_url
E     Extra inputs are not permitted [type=extra_forbidden, input_value='http://localhost:8080', input_type=str]
E       For further information visit https://errors.pydantic.dev/2.11/v/extra_forbidden
E   testing
E     Extra inputs are not permitted [type=extra_forbidden, input_value=True, input_type=bool]
E       For further information visit https://errors.pydantic.dev/2.11/v/extra_forbidden
E   rate_limit_enabled
E     Extra inputs are not permitted [type=extra_forbidden, input_value=True, input_type=bool]
E       For further information visit https://errors.pydantic.dev/2.11/v/extra_forbidden
E   rate_limit_requests_per_minute
E     Extra inputs are not permitted [type=extra_forbidden, input_value=100, input_type=int]
E       For further information visit https://errors.pydantic.dev/2.11/v/extra_forbidden
E   cache_enabled
E     Extra inputs are not permitted [type=extra_forbidden, input_value=True, input_type=bool]
E       For further information visit https://errors.pydantic.dev/2.11/v/extra_forbidden
E   cache_ttl_seconds
E     Extra inputs are not permitted [type=extra_forbidden, input_value=300, input_type=int]
E       For further information visit https://errors.pydantic.dev/2.11/v/extra_forbidden
E   circuit_breaker_enabled
E     Extra inputs are not permitted [type=extra_forbidden, input_value=True, input_type=bool]
E       For further information visit https://errors.pydantic.dev/2.11/v/extra_forbidden
E   circuit_breaker_failure_threshold
E     Extra inputs are not permitted [type=extra_forbidden, input_value=5, input_type=int]
E       For further information visit https://errors.pydantic.dev/2.11/v/extra_forbidden
E   circuit_breaker_recovery_timeout
E     Extra inputs are not permitted [type=extra_forbidden, input_value=60, input_type=int]
E       For further information visit https://errors.pydantic.dev/2.11/v/extra_forbidden
E   admin_ui_enabled
E     Extra inputs are not permitted [type=extra_forbidden, input_value=True, input_type=bool]
E       For further information visit https://errors.pydantic.dev/2.11/v/extra_forbidden
E   admin_ui_port
E     Extra inputs are not permitted [type=extra_forbidden, input_value=8081, input_type=int]
E       For further information visit https://errors.pydantic.dev/2.11/v/extra_forbidden</error></testcase><testcase classname="tests.unit.performance.test_performance.TestResourceMonitoring" name="test_cpu_efficiency" time="0.000"><error message="failed on setup with &quot;pydantic_core._pydantic_core.ValidationError: 11 validation errors for Settings&#10;vector_database_url&#10;  Extra inputs are not permitted [type=extra_forbidden, input_value='http://localhost:8080', input_type=str]&#10;    For further information visit https://errors.pydantic.dev/2.11/v/extra_forbidden&#10;testing&#10;  Extra inputs are not permitted [type=extra_forbidden, input_value=True, input_type=bool]&#10;    For further information visit https://errors.pydantic.dev/2.11/v/extra_forbidden&#10;rate_limit_enabled&#10;  Extra inputs are not permitted [type=extra_forbidden, input_value=True, input_type=bool]&#10;    For further information visit https://errors.pydantic.dev/2.11/v/extra_forbidden&#10;rate_limit_requests_per_minute&#10;  Extra inputs are not permitted [type=extra_forbidden, input_value=100, input_type=int]&#10;    For further information visit https://errors.pydantic.dev/2.11/v/extra_forbidden&#10;cache_enabled&#10;  Extra inputs are not permitted [type=extra_forbidden, input_value=True, input_type=bool]&#10;    For further information visit https://errors.pydantic.dev/2.11/v/extra_forbidden&#10;cache_ttl_seconds&#10;  Extra inputs are not permitted [type=extra_forbidden, input_value=300, input_type=int]&#10;    For further information visit https://errors.pydantic.dev/2.11/v/extra_forbidden&#10;circuit_breaker_enabled&#10;  Extra inputs are not permitted [type=extra_forbidden, input_value=True, input_type=bool]&#10;    For further information visit https://errors.pydantic.dev/2.11/v/extra_forbidden&#10;circuit_breaker_failure_threshold&#10;  Extra inputs are not permitted [type=extra_forbidden, input_value=5, input_type=int]&#10;    For further information visit https://errors.pydantic.dev/2.11/v/extra_forbidden&#10;circuit_breaker_recovery_timeout&#10;  Extra inputs are not permitted [type=extra_forbidden, input_value=60, input_type=int]&#10;    For further information visit https://errors.pydantic.dev/2.11/v/extra_forbidden&#10;admin_ui_enabled&#10;  Extra inputs are not permitted [type=extra_forbidden, input_value=True, input_type=bool]&#10;    For further information visit https://errors.pydantic.dev/2.11/v/extra_forbidden&#10;admin_ui_port&#10;  Extra inputs are not permitted [type=extra_forbidden, input_value=8081, input_type=int]&#10;    For further information visit https://errors.pydantic.dev/2.11/v/extra_forbidden&quot;">tests/conftest.py:42: in test_settings
    return Settings(
.venv/lib/python3.13/site-packages/pydantic_settings/main.py:188: in __init__
    super().__init__(
E   pydantic_core._pydantic_core.ValidationError: 11 validation errors for Settings
E   vector_database_url
E     Extra inputs are not permitted [type=extra_forbidden, input_value='http://localhost:8080', input_type=str]
E       For further information visit https://errors.pydantic.dev/2.11/v/extra_forbidden
E   testing
E     Extra inputs are not permitted [type=extra_forbidden, input_value=True, input_type=bool]
E       For further information visit https://errors.pydantic.dev/2.11/v/extra_forbidden
E   rate_limit_enabled
E     Extra inputs are not permitted [type=extra_forbidden, input_value=True, input_type=bool]
E       For further information visit https://errors.pydantic.dev/2.11/v/extra_forbidden
E   rate_limit_requests_per_minute
E     Extra inputs are not permitted [type=extra_forbidden, input_value=100, input_type=int]
E       For further information visit https://errors.pydantic.dev/2.11/v/extra_forbidden
E   cache_enabled
E     Extra inputs are not permitted [type=extra_forbidden, input_value=True, input_type=bool]
E       For further information visit https://errors.pydantic.dev/2.11/v/extra_forbidden
E   cache_ttl_seconds
E     Extra inputs are not permitted [type=extra_forbidden, input_value=300, input_type=int]
E       For further information visit https://errors.pydantic.dev/2.11/v/extra_forbidden
E   circuit_breaker_enabled
E     Extra inputs are not permitted [type=extra_forbidden, input_value=True, input_type=bool]
E       For further information visit https://errors.pydantic.dev/2.11/v/extra_forbidden
E   circuit_breaker_failure_threshold
E     Extra inputs are not permitted [type=extra_forbidden, input_value=5, input_type=int]
E       For further information visit https://errors.pydantic.dev/2.11/v/extra_forbidden
E   circuit_breaker_recovery_timeout
E     Extra inputs are not permitted [type=extra_forbidden, input_value=60, input_type=int]
E       For further information visit https://errors.pydantic.dev/2.11/v/extra_forbidden
E   admin_ui_enabled
E     Extra inputs are not permitted [type=extra_forbidden, input_value=True, input_type=bool]
E       For further information visit https://errors.pydantic.dev/2.11/v/extra_forbidden
E   admin_ui_port
E     Extra inputs are not permitted [type=extra_forbidden, input_value=8081, input_type=int]
[...]
    await db_manager.initialize()
metamcp/utils/database.py:45: in initialize
    self._pool = await asyncpg.create_pool(database_url, **self._pool_config)
                 ^^^^^^^^^^^^^^^^^^^^^^^^^^^^^^^^^^^^^^^^^^^^^^^^^^^^^^^^^^^^
E   TypeError: object AsyncMock can't be used in 'await' expression</failure></testcase><testcase classname="tests.unit.test_database.TestDatabaseManager" name="test_close" time="0.001" /><testcase classname="tests.unit.test_database.TestDatabaseManager" name="test_health_check_uninitialized" time="0.001" /><testcase classname="tests.unit.test_database.TestDatabaseManager" name="test_health_check_success" time="0.002"><failure message="AssertionError: assert 'unhealthy' == 'healthy'&#10;  &#10;  - healthy&#10;  + unhealthy&#10;  ? ++">tests/unit/test_database.py:81: in test_health_check_success
    assert result["status"] == "healthy"
E   AssertionError: assert 'unhealthy' == 'healthy'
E     
E     - healthy
E     + unhealthy
E     ? ++</failure></testcase><testcase classname="tests.unit.test_database.TestDatabaseManager" name="test_get_pool_stats" time="0.001"><failure message="TypeError: unsupported operand type(s) for -: 'coroutine' and 'coroutine'">tests/unit/test_database.py:97: in test_get_pool_stats
    stats = await db_manager.get_pool_stats()
            ^^^^^^^^^^^^^^^^^^^^^^^^^^^^^^^^^
metamcp/utils/database.py:115: in get_pool_stats
    "busy_connections": self._pool.get_size() - self._pool.get_idle_size(),
                        ^^^^^^^^^^^^^^^^^^^^^^^^^^^^^^^^^^^^^^^^^^^^^^^^^^
E   TypeError: unsupported operand type(s) for -: 'coroutine' and 'coroutine'</failure></testcase><testcase classname="tests.unit.test_database.TestDatabaseManager" name="test_execute_query" time="0.001"><failure message="TypeError: 'coroutine' object does not support the asynchronous context manager protocol">tests/unit/test_database.py:117: in test_execute_query
    await db_manager.execute("INSERT INTO test VALUES ($1)", "value")
metamcp/utils/database.py:87: in execute
    async with self.acquire() as conn:
               ^^^^^^^^^^^^^^
/usr/lib/python3.13/contextlib.py:214: in __aenter__
    return await anext(self.gen)
           ^^^^^^^^^^^^^^^^^^^^^
metamcp/utils/database.py:78: in acquire
    async with self._pool.acquire() as connection:
               ^^^^^^^^^^^^^^^^^^^^
E   TypeError: 'coroutine' object does not support the asynchronous context manager protocol</failure></testcase><testcase classname="tests.unit.test_database.TestDatabaseManager" name="test_fetch_query" time="0.002"><failure message="TypeError: 'coroutine' object does not support the asynchronous context manager protocol">tests/unit/test_database.py:136: in test_fetch_query
    result = await db_manager.fetch("SELECT * FROM test")
             ^^^^^^^^^^^^^^^^^^^^^^^^^^^^^^^^^^^^^^^^^^^^
metamcp/utils/database.py:92: in fetch
    async with self.acquire() as conn:
               ^^^^^^^^^^^^^^
/usr/lib/python3.13/contextlib.py:214: in __aenter__
    return await anext(self.gen)
           ^^^^^^^^^^^^^^^^^^^^^
metamcp/utils/database.py:78: in acquire
    async with self._pool.acquire() as connection:
               ^^^^^^^^^^^^^^^^^^^^
E   TypeError: 'coroutine' object does not support the asynchronous context manager protocol</failure></testcase><testcase classname="tests.unit.test_database.TestDatabaseManager" name="test_fetchval_query" time="0.002"><failure message="TypeError: 'coroutine' object does not support the asynchronous context manager protocol">tests/unit/test_database.py:154: in test_fetchval_query
    result = await db_manager.fetchval("SELECT COUNT(*) FROM test")
             ^^^^^^^^^^^^^^^^^^^^^^^^^^^^^^^^^^^^^^^^^^^^^^^^^^^^^^
metamcp/utils/database.py:102: in fetchval
    async with self.acquire() as conn:
               ^^^^^^^^^^^^^^
/usr/lib/python3.13/contextlib.py:214: in __aenter__
    return await anext(self.gen)
           ^^^^^^^^^^^^^^^^^^^^^
metamcp/utils/database.py:78: in acquire
    async with self._pool.acquire() as connection:
               ^^^^^^^^^^^^^^^^^^^^
E   TypeError: 'coroutine' object does not support the asynchronous context manager protocol</failure></testcase><testcase classname="tests.unit.test_database" name="test_get_database_manager_singleton" time="0.001" /><testcase classname="tests.unit.test_example_unit" name="test_unit_example" time="0.001" /><testcase classname="tests.unit.test_health.TestUptimeFunctions" name="test_get_uptime" time="0.001" /><testcase classname="tests.unit.test_health.TestUptimeFunctions" name="test_format_uptime_seconds" time="0.001" /><testcase classname="tests.unit.test_health.TestUptimeFunctions" name="test_format_uptime_minutes" time="0.000" /><testcase classname="tests.unit.test_health.TestUptimeFunctions" name="test_format_uptime_hours" time="0.000" /><testcase classname="tests.unit.test_health.TestUptimeFunctions" name="test_format_uptime_days" time="0.001" /><testcase classname="tests.unit.test_health.TestComponentHealthChecks" name="test_check_database_health_success" time="0.025"><failure message="AssertionError: assert 'unhealthy' == 'healthy'&#10;  &#10;  - healthy&#10;  + unhealthy&#10;  ? ++">tests/unit/test_health.py:61: in test_check_database_health_success
    assert health.status == "healthy"
E   AssertionError: assert 'unhealthy' == 'healthy'
E     
E     - healthy
E     + unhealthy
E     ? ++</failure></testcase><testcase classname="tests.unit.test_health.TestComponentHealthChecks" name="test_check_vector_db_health_success" time="0.001"><failure message="AssertionError: assert 'vector_db' == 'vector_database'&#10;  &#10;  - vector_database&#10;  ?         --- ---&#10;  + vector_db">tests/unit/test_health.py:71: in test_check_vector_db_health_success
    assert health.name == "vector_database"
E   AssertionError: assert 'vector_db' == 'vector_database'
E     
E     - vector_database
E     ?         --- ---
E     + vector_db</failure></testcase><testcase classname="tests.unit.test_health.TestComponentHealthChecks" name="test_check_llm_service_health_success" time="0.001"><failure message="AssertionError: assert 'unhealthy' == 'healthy'&#10;  &#10;  - healthy&#10;  + unhealthy&#10;  ? ++">tests/unit/test_health.py:83: in test_check_llm_service_health_success
    assert health.status == "healthy"
E   AssertionError: assert 'unhealthy' == 'healthy'
E     
E     - healthy
E     + unhealthy
E     ? ++</failure></testcase><testcase classname="tests.unit.test_health.TestHealthEndpoints" name="test_basic_health_check" time="0.033" /><testcase classname="tests.unit.test_health.TestHealthEndpoints" name="test_detailed_health_check" time="0.047" /><testcase classname="tests.unit.test_health.TestHealthEndpoints" name="test_readiness_probe" time="0.042"><failure message="assert 503 == 200&#10; +  where 503 = &lt;Response [503 Service Unavailable]&gt;.status_code">tests/unit/test_health.py:140: in test_readiness_probe
    assert response.status_code == 200
E   assert 503 == 200
E    +  where 503 = &lt;Response [503 Service Unavailable]&gt;.status_code</failure></testcase><testcase classname="tests.unit.test_health.TestHealthEndpoints" name="test_liveness_probe" time="0.021" /><testcase classname="tests.unit.test_health.TestHealthEndpoints" name="test_service_info" time="0.022" /><testcase classname="tests.unit.test_health.TestHealthErrorHandling" name="test_health_check_with_error" time="0.026" /><testcase classname="tests.unit.test_health.TestHealthErrorHandling" name="test_detailed_health_check_with_errors" time="0.043" /><testcase classname="tests.unit.test_health.TestHealthMetrics" name="test_uptime_accuracy" time="0.101" /><testcase classname="tests.unit.test_health.TestHealthMetrics" name="test_uptime_formatting_edge_cases" time="0.001" /><testcase classname="tests.unit.test_health.TestHealthComponentIntegration" name="test_all_components_healthy" time="0.022"><failure message="AssertionError: assert 'unhealthy' == 'healthy'&#10;  &#10;  - healthy&#10;  + unhealthy&#10;  ? ++">tests/unit/test_health.py:266: in test_all_components_healthy
    assert component.status == "healthy"
E   AssertionError: assert 'unhealthy' == 'healthy'
E     
E     - healthy
E     + unhealthy
E     ? ++</failure></testcase><testcase classname="tests.unit.test_health.TestHealthComponentIntegration" name="test_health_check_response_structure" time="0.001" /><testcase classname="tests.unit.test_persistence.TestWorkflowPersistence" name="test_initialize" time="0.001" /><testcase classname="tests.unit.test_persistence.TestWorkflowPersistence" name="test_save_new_workflow" time="0.001" /><testcase classname="tests.unit.test_persistence.TestWorkflowPersistence" name="test_save_existing_workflow" time="0.001" /><testcase classname="tests.unit.test_persistence.TestWorkflowPersistence" name="test_load_workflow_found" time="0.001" /><testcase classname="tests.unit.test_persistence.TestWorkflowPersistence" name="test_load_workflow_not_found" time="0.001" /><testcase classname="tests.unit.test_persistence.TestWorkflowPersistence" name="test_load_all_workflows" time="0.001" /><testcase classname="tests.unit.test_persistence.TestWorkflowPersistence" name="test_delete_workflow_success" time="0.001" /><testcase classname="tests.unit.test_persistence.TestWorkflowPersistence" name="test_delete_workflow_not_found" time="0.001" /><testcase classname="tests.unit.test_persistence.TestWorkflowPersistence" name="test_get_workflow_executions" time="0.001" /><testcase classname="tests.unit.test_persistence.TestWorkflowPersistence" name="test_cleanup_old_executions" time="0.001" /><testcase classname="tests.unit.test_persistence.TestWorkflowPersistence" name="test_save_workflow_error" time="0.001" /><testcase classname="tests.unit.test_persistence.TestWorkflowPersistence" name="test_load_workflow_error" time="0.001" /><testcase classname="tests.unit.test_persistence" name="test_get_persistence_manager_singleton" time="0.001" /><testcase classname="tests.unit.test_services.TestToolService" name="test_register_tool_success" time="0.001" /><testcase classname="tests.unit.test_services.TestToolService" name="test_register_tool_duplicate_name" time="0.001" /><testcase classname="tests.unit.test_services.TestToolService" name="test_register_tool_missing_required_fields" time="0.001" /><testcase classname="tests.unit.test_services.TestToolService" name="test_get_tool_success" time="0.001" /><testcase classname="tests.unit.test_services.TestToolService" name="test_get_tool_not_found" time="0.001" /><testcase classname="tests.unit.test_services.TestToolService" name="test_list_tools" time="0.001" /><testcase classname="tests.unit.test_services.TestToolService" name="test_list_tools_with_category_filter" time="0.001" /><testcase classname="tests.unit.test_services.TestToolService" name="test_update_tool" time="0.001" /><testcase classname="tests.unit.test_services.TestToolService" name="test_update_nonexistent_tool" time="0.001" /><testcase classname="tests.unit.test_services.TestToolService" name="test_delete_tool" time="0.001" /><testcase classname="tests.unit.test_services.TestToolService" name="test_delete_nonexistent_tool" time="0.001" /><testcase classname="tests.unit.test_services.TestToolService" name="test_search_tools" time="0.001" /><testcase classname="tests.unit.test_services.TestToolService" name="test_execute_tool_success" time="0.002" /><testcase classname="tests.unit.test_services.TestToolService" name="test_execute_nonexistent_tool" time="0.001" /><testcase classname="tests.unit.test_services.TestToolService" name="test_get_execution_history" time="0.001" /><testcase classname="tests.unit.test_services.TestToolService" name="test_get_tool_statistics" time="0.001" /><testcase classname="tests.unit.test_services.TestAuthService" name="test_authenticate_user_success" time="0.508" /><testcase classname="tests.unit.test_services.TestAuthService" name="test_authenticate_user_invalid_credentials" time="0.509" /><testcase classname="tests.unit.test_services.TestAuthService" name="test_authenticate_user_nonexistent" time="0.339" /><testcase classname="tests.unit.test_services.TestAuthService" name="test_create_access_token" time="0.342" /><testcase classname="tests.unit.test_services.TestAuthService" name="test_verify_token_valid" time="0.340" /><testcase classname="tests.unit.test_services.TestAuthService" name="test_verify_token_invalid" time="0.339" /><testcase classname="tests.unit.test_services.TestAuthService" name="test_verify_token_blacklisted" time="0.340" /><testcase classname="tests.unit.test_services.TestAuthService" name="test_get_current_user" time="0.340" /><testcase classname="tests.unit.test_services.TestAuthService" name="test_get_current_user_invalid_token" time="0.340" /><testcase classname="tests.unit.test_services.TestAuthService" name="test_revoke_token" time="0.340" /><testcase classname="tests.unit.test_services.TestAuthService" name="test_get_user_permissions" time="0.340" /><testcase classname="tests.unit.test_services.TestAuthService" name="test_check_permission_admin" time="0.339" /><testcase classname="tests.unit.test_services.TestAuthService" name="test_check_permission_regular_user" time="0.339" /><testcase classname="tests.unit.test_services.TestAuthService" name="test_create_user" time="0.508" /><testcase classname="tests.unit.test_services.TestAuthService" name="test_create_user_duplicate_username" time="0.342" /><testcase classname="tests.unit.test_services.TestAuthService" name="test_update_user" time="0.341" /><testcase classname="tests.unit.test_services.TestAuthService" name="test_deactivate_user" time="0.349" /><testcase classname="tests.unit.test_services.TestAuthService" name="test_get_login_history" time="0.352" /><testcase classname="tests.unit.test_services.TestAuthService" name="test_get_user_statistics" time="0.340" /><testcase classname="tests.unit.test_services.TestSearchService" name="test_search_tools_semantic" time="0.001" /><testcase classname="tests.unit.test_services.TestSearchService" name="test_search_tools_keyword" time="0.001" /><testcase classname="tests.unit.test_services.TestSearchService" name="test_search_tools_hybrid" time="0.001" /><testcase classname="tests.unit.test_services.TestSearchService" name="test_search_tools_invalid_type" time="0.001" /><testcase classname="tests.unit.test_services.TestSearchService" name="test_calculate_similarity" time="0.001" /><testcase classname="tests.unit.test_services.TestSearchService" name="test_calculate_similarity_no_match" time="0.001" /><testcase classname="tests.unit.test_services.TestSearchService" name="test_get_available_tools" time="0.001" /><testcase classname="tests.unit.test_services.TestSearchService" name="test_generate_search_id" time="0.001" /><testcase classname="tests.unit.test_services.TestSearchService" name="test_update_search_metrics" time="0.001" /><testcase classname="tests.unit.test_services.TestSearchService" name="test_get_search_history" time="0.001" /><testcase classname="tests.unit.test_services.TestSearchService" name="test_get_search_metrics" time="0.001" /><testcase classname="tests.unit.test_services.TestSearchService" name="test_get_search_statistics" time="0.001" /><testcase classname="tests.unit.test_utils.TestCircuitBreaker" name="test_initial_state" time="0.001" /><testcase classname="tests.unit.test_utils.TestCircuitBreaker" name="test_successful_call" time="0.001" /><testcase classname="tests.unit.test_utils.TestCircuitBreaker" name="test_failed_call" time="0.001" /><testcase classname="tests.unit.test_utils.TestCircuitBreaker" name="test_circuit_opens_after_threshold" time="0.001" /><testcase classname="tests.unit.test_utils.TestCircuitBreaker" name="test_circuit_half_open_after_timeout" time="0.001" /><testcase classname="tests.unit.test_utils.TestCircuitBreaker" name="test_circuit_remains_open_on_failure" time="0.001" /><testcase classname="tests.unit.test_utils.TestCircuitBreaker" name="test_get_state" time="0.001" /><testcase classname="tests.unit.test_utils.TestCircuitBreaker" name="test_reset" time="0.001" /><testcase classname="tests.unit.test_utils.TestCircuitBreakerManager" name="test_get_circuit_breaker" time="0.001" /><testcase classname="tests.unit.test_utils.TestCircuitBreakerManager" name="test_get_circuit_breaker_existing" time="0.001" /><testcase classname="tests.unit.test_utils.TestCircuitBreakerManager" name="test_remove_circuit_breaker" time="0.001" /><testcase classname="tests.unit.test_utils.TestCircuitBreakerManager" name="test_remove_nonexistent_circuit_breaker" time="0.001" /><testcase classname="tests.unit.test_utils.TestCircuitBreakerManager" name="test_get_all_states" time="0.001" /><testcase classname="tests.unit.test_utils.TestCircuitBreakerManager" name="test_get_statistics" time="0.001" /><testcase classname="tests.unit.test_utils.TestMemoryCacheBackend" name="test_set_and_get" time="0.001" /><testcase classname="tests.unit.test_utils.TestMemoryCacheBackend" name="test_get_nonexistent" time="0.001" /><testcase classname="tests.unit.test_utils.TestMemoryCacheBackend" name="test_delete" time="0.001" /><testcase classname="tests.unit.test_utils.TestMemoryCacheBackend" name="test_clear" time="0.001" /><testcase classname="tests.unit.test_utils.TestMemoryCacheBackend" name="test_expiration" time="1.102" /><testcase classname="tests.unit.test_utils.TestMemoryCacheBackend" name="test_max_size_eviction" time="0.002" /><testcase classname="tests.unit.test_utils.TestMemoryCacheBackend" name="test_get_stats" time="0.001" /><testcase classname="tests.unit.test_utils.TestCache" name="test_get_or_set" time="0.001" /><testcase classname="tests.unit.test_utils.TestCache" name="test_get_or_set_async_function" time="0.001" /><testcase classname="tests.unit.test_utils.TestCache" name="test_generate_key" time="0.482"><failure message="AssertionError: assert '243262243132...5533574754536' == '243262243132...1504770463574'&#10;  &#10;  - 243262243132246d3341504770463574&#10;  + 24326224313224515245533574754536">tests/unit/test_utils.py:400: in test_generate_key
    assert key == key2
E   AssertionError: assert '243262243132...5533574754536' == '243262243132...1504770463574'
E     
E     - 243262243132246d3341504770463574
E     + 24326224313224515245533574754536</failure></testcase><testcase classname="tests.unit.test_utils.TestCacheDecorator" name="test_cache_decorator_sync" time="0.001" /><testcase classname="tests.unit.test_utils.TestCircuitBreakerDecorator" name="test_circuit_breaker_decorator" time="0.001"><failure message="Failed: DID NOT RAISE &lt;class 'Exception'&gt;">tests/unit/test_utils.py:474: in test_circuit_breaker_decorator
    with pytest.raises(Exception):
         ^^^^^^^^^^^^^^^^^^^^^^^^
E   Failed: DID NOT RAISE &lt;class 'Exception'&gt;</failure></testcase><testcase classname="tests.unit.test_utils.TestCacheFactory" name="test_create_memory_cache" time="0.001" /><testcase classname="tests.unit.test_utils.TestCacheFactory" name="test_create_memory_cache_with_config" time="0.002" /><testcase classname="tests.unit.test_utils.TestCacheFactory" name="test_create_redis_cache" time="0.003" /><testcase classname="tests.unit.test_utils.TestCacheFactory" name="test_get_cache_instance" time="0.001" /><testcase classname="tests.unit.test_utils.TestCacheFactory" name="test_set_cache_instance" time="0.003" /></testsuite></testsuites>